05-11 16:13:57: A2C Training starting...
05-11 16:13:57: Episode 1, Reward: -8.1, Total Steps: 500 (New best! +inf)
05-11 16:13:57: Episode 2, Reward: -5.7, Total Steps: 500 (New best! +2.4)
05-11 16:13:58: Episode 10, Reward: -8.7, Total Steps: 500
05-11 16:13:59: Episode 20, Reward: -9.3, Total Steps: 500
05-11 16:14:00: Episode 30, Reward: -9.3, Total Steps: 500
05-11 16:14:02: Episode 40, Reward: -9.3, Total Steps: 500
05-11 16:14:03: Episode 50, Reward: -9.3, Total Steps: 500
05-11 16:14:04: Episode 60, Reward: -9.3, Total Steps: 500
05-11 16:14:06: Episode 70, Reward: -9.3, Total Steps: 500
05-11 16:14:07: Episode 80, Reward: -9.3, Total Steps: 500
05-11 16:14:09: Episode 90, Reward: -9.3, Total Steps: 500
05-11 16:14:10: Episode 100, Reward: -9.3, Total Steps: 500
05-11 16:14:11: Episode 110, Reward: -9.3, Total Steps: 500
05-11 16:14:12: Episode 120, Reward: -9.3, Total Steps: 500
05-11 16:14:13: Episode 130, Reward: -9.3, Total Steps: 500
05-11 16:14:15: Episode 140, Reward: -9.3, Total Steps: 500
05-11 16:14:16: Episode 150, Reward: -9.3, Total Steps: 500
05-11 16:14:17: Episode 160, Reward: -8.7, Total Steps: 500
05-11 16:14:18: Episode 170, Reward: -3.9, Total Steps: 500 (New best! +1.8)
05-11 16:14:20: Episode 180, Reward: -5.7, Total Steps: 500
05-11 16:14:21: Episode 188, Reward: -1.5, Total Steps: 500 (New best! +2.4)
05-11 16:14:21: Episode 190, Reward: -5.7, Total Steps: 500
05-11 16:14:22: Episode 200, Reward: -6.9, Total Steps: 500
05-11 16:14:24: Episode 210, Reward: -7.5, Total Steps: 500
05-11 16:14:25: Episode 220, Reward: -8.1, Total Steps: 500
05-11 16:14:26: Episode 230, Reward: -5.7, Total Steps: 500
05-11 16:14:26: Episode 236, Reward: 3.9, Total Steps: 500 (New best! +5.4)
05-11 16:14:27: Episode 240, Reward: 2.1, Total Steps: 500
05-11 16:14:28: Episode 250, Reward: 3.9, Total Steps: 500
05-11 16:14:29: Episode 252, Reward: 4.3, Total Steps: 500 (New best! +0.4)
05-11 16:14:29: Episode 260, Reward: 2.0, Total Steps: 500
05-11 16:14:30: Episode 270, Reward: 2.0, Total Steps: 500
05-11 16:14:31: Episode 280, Reward: 2.9, Total Steps: 500
05-11 16:14:32: Episode 290, Reward: 2.0, Total Steps: 500
05-11 16:14:33: Episode 300, Reward: 2.0, Total Steps: 500
05-11 16:14:34: Episode 310, Reward: 2.0, Total Steps: 500
05-11 16:14:34: Episode 320, Reward: 2.0, Total Steps: 500
05-11 16:14:35: Episode 330, Reward: 2.0, Total Steps: 500
05-11 16:14:36: Episode 340, Reward: 2.0, Total Steps: 500
05-11 16:14:37: Episode 350, Reward: 2.0, Total Steps: 500
05-11 16:14:38: Episode 360, Reward: 3.7, Total Steps: 500
05-11 16:14:39: Episode 370, Reward: 3.9, Total Steps: 500
05-11 16:14:40: Episode 380, Reward: 2.0, Total Steps: 500
05-11 16:14:41: Episode 390, Reward: 2.0, Total Steps: 500
05-11 16:14:41: Episode 395, Reward: 4.8, Total Steps: 500 (New best! +0.5)
05-11 16:14:41: Episode 400, Reward: 4.1, Total Steps: 500
05-11 16:14:43: Episode 410, Reward: 2.0, Total Steps: 500
05-11 16:14:43: Episode 413, Reward: 4.9, Total Steps: 500 (New best! +0.1)
05-11 16:14:44: Episode 420, Reward: 11.2, Total Steps: 500 (New best! +6.3)
05-11 16:14:45: Episode 430, Reward: 3.9, Total Steps: 500
05-11 16:14:47: Episode 440, Reward: 4.0, Total Steps: 500
05-11 16:14:49: Episode 450, Reward: 3.9, Total Steps: 500
05-11 16:14:50: Episode 460, Reward: 3.9, Total Steps: 500
05-11 16:14:51: Episode 468, Reward: 15.1, Total Steps: 500 (New best! +3.9)
05-11 16:14:51: Episode 470, Reward: 3.9, Total Steps: 500
05-11 16:14:53: Episode 480, Reward: 3.9, Total Steps: 500
05-11 16:14:55: Episode 490, Reward: 8.4, Total Steps: 500
05-11 16:14:56: Episode 500, Reward: 3.9, Total Steps: 500
05-11 16:14:57: Episode 510, Reward: 4.4, Total Steps: 500
05-11 16:14:59: Episode 520, Reward: 3.9, Total Steps: 500
05-11 16:15:00: Episode 530, Reward: 3.9, Total Steps: 500
05-11 16:15:01: Episode 540, Reward: 3.9, Total Steps: 500
05-11 16:15:03: Episode 550, Reward: 3.9, Total Steps: 500
05-11 16:15:04: Episode 560, Reward: 4.1, Total Steps: 500
05-11 16:15:06: Episode 570, Reward: 9.1, Total Steps: 500
05-11 16:15:07: Episode 580, Reward: 4.7, Total Steps: 500
05-11 16:15:08: Episode 584, Reward: 17.9, Total Steps: 500 (New best! +2.8)
05-11 16:15:09: Episode 590, Reward: 4.0, Total Steps: 500
05-11 16:15:10: Episode 600, Reward: 6.6, Total Steps: 500
05-11 16:15:12: Episode 610, Reward: 3.9, Total Steps: 500
05-11 16:15:13: Episode 620, Reward: 4.2, Total Steps: 500
05-11 16:15:15: Episode 630, Reward: 3.9, Total Steps: 500
05-11 16:15:16: Episode 640, Reward: 8.4, Total Steps: 500
05-11 16:15:17: Episode 646, Reward: 18.0, Total Steps: 500 (New best! +0.1)
05-11 16:15:17: Episode 650, Reward: 3.9, Total Steps: 500
05-11 16:15:20: Episode 655, Reward: 27.0, Total Steps: 500 (New best! +9.0)
05-11 16:15:21: Episode 660, Reward: 8.7, Total Steps: 500
05-11 16:15:22: Episode 670, Reward: 3.9, Total Steps: 500
05-11 16:15:24: Episode 680, Reward: 3.9, Total Steps: 500
05-11 16:15:25: Episode 690, Reward: 3.9, Total Steps: 500
05-11 16:15:26: Episode 700, Reward: 3.9, Total Steps: 500
05-11 16:15:27: Episode 710, Reward: 3.9, Total Steps: 500
05-11 16:15:29: Episode 720, Reward: 3.9, Total Steps: 500
05-11 16:15:31: Episode 730, Reward: 8.4, Total Steps: 500
05-11 16:15:32: Episode 740, Reward: 3.9, Total Steps: 500
05-11 16:15:34: Episode 750, Reward: 4.1, Total Steps: 500
05-11 16:15:35: Episode 760, Reward: 12.9, Total Steps: 500
05-11 16:15:37: Episode 770, Reward: 6.2, Total Steps: 500
05-11 16:15:39: Episode 780, Reward: 3.9, Total Steps: 500
05-11 16:15:40: Episode 790, Reward: 3.9, Total Steps: 500
05-11 16:15:41: Episode 800, Reward: 13.5, Total Steps: 500
05-11 16:15:42: Episode 810, Reward: 3.9, Total Steps: 500
05-11 16:15:44: Episode 820, Reward: 4.9, Total Steps: 500
05-11 16:15:46: Episode 830, Reward: 3.9, Total Steps: 500
05-11 16:15:47: Episode 840, Reward: 3.9, Total Steps: 500
05-11 16:15:48: Episode 850, Reward: 3.9, Total Steps: 500
05-11 16:15:50: Episode 860, Reward: 3.9, Total Steps: 500
05-11 16:15:51: Episode 870, Reward: 4.1, Total Steps: 500
05-11 16:15:52: Episode 880, Reward: 8.4, Total Steps: 500
05-11 16:15:54: Episode 890, Reward: 8.4, Total Steps: 500
05-11 16:15:56: Episode 900, Reward: 31.9, Total Steps: 500 (New best! +4.9)
05-11 16:15:57: Episode 910, Reward: 3.9, Total Steps: 500
05-11 16:15:59: Episode 920, Reward: 4.5, Total Steps: 500
05-11 16:16:00: Episode 930, Reward: 3.9, Total Steps: 500
05-11 16:16:01: Episode 940, Reward: 6.5, Total Steps: 500
05-11 16:16:03: Episode 950, Reward: 3.9, Total Steps: 500
05-11 16:16:05: Episode 960, Reward: 3.9, Total Steps: 500
05-11 16:16:06: Episode 970, Reward: 3.9, Total Steps: 500
05-11 16:16:08: Episode 980, Reward: 3.9, Total Steps: 500
05-11 16:16:10: Episode 990, Reward: 3.9, Total Steps: 500
05-11 16:16:11: Episode 1000, Reward: 10.6, Total Steps: 500
05-11 16:16:12: Episode 1010, Reward: -3.3, Total Steps: 500
05-11 16:16:13: Episode 1020, Reward: 3.9, Total Steps: 500
05-11 16:16:15: Episode 1030, Reward: 3.9, Total Steps: 500
05-11 16:16:16: Episode 1040, Reward: 3.9, Total Steps: 500
05-11 16:16:17: Episode 1050, Reward: 3.9, Total Steps: 500
05-11 16:16:19: Episode 1060, Reward: 4.4, Total Steps: 500
05-11 16:16:21: Episode 1070, Reward: 3.9, Total Steps: 500
05-11 16:16:22: Episode 1080, Reward: 13.1, Total Steps: 500
05-11 16:16:23: Episode 1090, Reward: 3.9, Total Steps: 500
05-11 16:16:25: Episode 1100, Reward: 3.9, Total Steps: 500
05-11 16:16:27: Episode 1110, Reward: 3.9, Total Steps: 500
05-11 16:16:28: Episode 1120, Reward: 3.9, Total Steps: 500
05-11 16:16:30: Episode 1130, Reward: 4.4, Total Steps: 500
05-11 16:16:31: Episode 1140, Reward: 3.9, Total Steps: 500
05-11 16:16:32: Episode 1150, Reward: 3.9, Total Steps: 500
05-11 16:16:33: Episode 1160, Reward: 3.9, Total Steps: 500
05-11 16:16:35: Episode 1170, Reward: 3.9, Total Steps: 500
05-11 16:16:37: Episode 1180, Reward: 6.4, Total Steps: 500
05-11 16:16:38: Episode 1190, Reward: 3.9, Total Steps: 500
05-11 16:16:40: Episode 1200, Reward: 3.9, Total Steps: 500
05-11 16:16:42: Episode 1210, Reward: 3.9, Total Steps: 500
05-11 16:16:43: Episode 1220, Reward: 3.9, Total Steps: 500
05-11 16:16:45: Episode 1230, Reward: 3.9, Total Steps: 500
05-11 16:16:46: Episode 1240, Reward: 8.4, Total Steps: 500
05-11 16:16:48: Episode 1250, Reward: 3.9, Total Steps: 500
05-11 16:16:50: Episode 1260, Reward: 3.9, Total Steps: 500
05-11 16:16:51: Episode 1270, Reward: 3.9, Total Steps: 500
05-11 16:16:52: Episode 1280, Reward: 4.1, Total Steps: 500
05-11 16:16:54: Episode 1290, Reward: 3.9, Total Steps: 500
05-11 16:16:56: Episode 1300, Reward: 8.7, Total Steps: 500
05-11 16:16:57: Episode 1310, Reward: 3.9, Total Steps: 500
05-11 16:16:58: Episode 1320, Reward: 3.9, Total Steps: 500
05-11 16:17:00: Episode 1330, Reward: 3.9, Total Steps: 500
05-11 16:17:01: Episode 1340, Reward: 4.2, Total Steps: 500
05-11 16:17:03: Episode 1350, Reward: 3.9, Total Steps: 500
05-11 16:17:05: Episode 1360, Reward: 3.9, Total Steps: 500
05-11 16:17:06: Episode 1370, Reward: 8.4, Total Steps: 500
05-11 16:17:08: Episode 1380, Reward: 3.9, Total Steps: 500
05-11 16:17:10: Episode 1390, Reward: 9.0, Total Steps: 500
05-11 16:17:11: Episode 1400, Reward: 6.5, Total Steps: 500
05-11 16:17:13: Episode 1410, Reward: 3.9, Total Steps: 500
05-11 16:17:14: Episode 1420, Reward: 3.9, Total Steps: 500
05-11 16:17:16: Episode 1430, Reward: 3.9, Total Steps: 500
05-11 16:17:17: Episode 1440, Reward: 3.9, Total Steps: 500
05-11 16:17:18: Episode 1450, Reward: 10.8, Total Steps: 500
05-11 16:17:20: Episode 1460, Reward: 5.0, Total Steps: 500
05-11 16:17:22: Episode 1470, Reward: 8.4, Total Steps: 500
05-11 16:17:23: Episode 1480, Reward: 3.9, Total Steps: 500
05-11 16:17:25: Episode 1490, Reward: 3.9, Total Steps: 500
05-11 16:17:26: Episode 1500, Reward: 3.9, Total Steps: 500
05-11 16:17:27: Episode 1510, Reward: 3.9, Total Steps: 500
05-11 16:17:28: Episode 1520, Reward: 4.1, Total Steps: 500
05-11 16:17:30: Episode 1530, Reward: 3.9, Total Steps: 500
05-11 16:17:32: Episode 1540, Reward: 12.9, Total Steps: 500
05-11 16:17:33: Episode 1550, Reward: 3.9, Total Steps: 500
05-11 16:17:35: Episode 1560, Reward: 9.0, Total Steps: 500
05-11 16:17:37: Episode 1570, Reward: 3.9, Total Steps: 500
05-11 16:17:39: Episode 1580, Reward: 3.9, Total Steps: 500
05-11 16:17:41: Episode 1590, Reward: 4.2, Total Steps: 500
05-11 16:17:43: Episode 1600, Reward: 4.2, Total Steps: 500
05-11 16:17:44: Episode 1610, Reward: 3.9, Total Steps: 500
05-11 16:17:46: Episode 1620, Reward: 3.9, Total Steps: 500
05-11 16:17:47: Episode 1630, Reward: 4.4, Total Steps: 500
05-11 16:17:49: Episode 1640, Reward: 3.9, Total Steps: 500
05-11 16:17:51: Episode 1650, Reward: 4.2, Total Steps: 500
05-11 16:17:53: Episode 1660, Reward: 3.9, Total Steps: 500
05-11 16:17:56: Episode 1670, Reward: 4.4, Total Steps: 500
05-11 16:17:57: Episode 1680, Reward: 8.4, Total Steps: 500
05-11 16:17:59: Episode 1690, Reward: 3.9, Total Steps: 500
05-11 16:18:02: Episode 1700, Reward: 3.9, Total Steps: 500
05-11 16:18:03: Episode 1710, Reward: 3.9, Total Steps: 500
05-11 16:18:04: Episode 1720, Reward: 3.9, Total Steps: 500
05-11 16:18:07: Episode 1730, Reward: 12.9, Total Steps: 500
05-11 16:18:08: Episode 1740, Reward: 3.9, Total Steps: 500
05-11 16:18:10: Episode 1750, Reward: 13.9, Total Steps: 500
05-11 16:18:12: Episode 1760, Reward: 3.9, Total Steps: 500
05-11 16:18:13: Episode 1770, Reward: 3.9, Total Steps: 500
05-11 16:18:14: Episode 1780, Reward: 3.9, Total Steps: 500
05-11 16:18:17: Episode 1790, Reward: 3.9, Total Steps: 500
05-11 16:18:18: Episode 1800, Reward: 3.9, Total Steps: 500
05-11 16:18:21: Episode 1810, Reward: 3.9, Total Steps: 500
05-11 16:18:23: Episode 1820, Reward: 3.9, Total Steps: 500
05-11 16:18:24: Episode 1830, Reward: 3.9, Total Steps: 500
05-11 16:18:26: Episode 1840, Reward: 3.9, Total Steps: 500
05-11 16:18:28: Episode 1850, Reward: 3.9, Total Steps: 500
05-11 16:18:29: Episode 1860, Reward: 3.9, Total Steps: 500
05-11 16:18:31: Episode 1870, Reward: 3.9, Total Steps: 500
05-11 16:18:32: Episode 1880, Reward: 4.0, Total Steps: 500
05-11 16:18:34: Episode 1890, Reward: 3.9, Total Steps: 500
05-11 16:18:35: Episode 1900, Reward: 3.9, Total Steps: 500
05-11 16:18:37: Episode 1910, Reward: 3.9, Total Steps: 500
05-11 16:18:38: Episode 1920, Reward: 3.9, Total Steps: 500
05-11 16:18:40: Episode 1930, Reward: 3.9, Total Steps: 500
05-11 16:18:42: Episode 1940, Reward: 3.9, Total Steps: 500
05-11 16:18:43: Episode 1950, Reward: 5.0, Total Steps: 500
05-11 16:18:44: Episode 1960, Reward: 4.8, Total Steps: 500
05-11 16:18:47: Episode 1970, Reward: 3.9, Total Steps: 500
05-11 16:18:49: Episode 1980, Reward: 3.9, Total Steps: 500
05-11 16:18:52: Episode 1990, Reward: 4.0, Total Steps: 500
05-11 16:18:53: Episode 2000, Reward: 4.0, Total Steps: 500
05-11 16:18:54: Episode 2010, Reward: 4.2, Total Steps: 500
05-11 16:18:57: Episode 2020, Reward: 3.9, Total Steps: 500
05-11 16:18:58: Episode 2030, Reward: 8.4, Total Steps: 500
05-11 16:19:00: Episode 2040, Reward: 3.9, Total Steps: 500
05-11 16:19:03: Episode 2050, Reward: 6.0, Total Steps: 500
05-11 16:19:05: Episode 2060, Reward: 3.9, Total Steps: 500
05-11 16:19:08: Episode 2070, Reward: 4.2, Total Steps: 500
05-11 16:19:10: Episode 2080, Reward: 3.9, Total Steps: 500
05-11 16:19:13: Episode 2090, Reward: 6.2, Total Steps: 500
05-11 16:19:14: Episode 2100, Reward: 8.9, Total Steps: 500
05-11 16:19:17: Episode 2110, Reward: 25.2, Total Steps: 500
05-11 16:19:19: Episode 2120, Reward: 3.9, Total Steps: 500
05-11 16:19:23: Episode 2130, Reward: 4.0, Total Steps: 500
05-11 16:19:25: Episode 2140, Reward: 8.4, Total Steps: 500
05-11 16:19:28: Episode 2150, Reward: 13.5, Total Steps: 500
05-11 16:19:29: Episode 2160, Reward: 6.5, Total Steps: 500
05-11 16:19:30: Episode 2170, Reward: 3.9, Total Steps: 500
05-11 16:19:33: Episode 2180, Reward: 3.9, Total Steps: 500
05-11 16:19:35: Episode 2190, Reward: 4.4, Total Steps: 500
05-11 16:19:37: Episode 2200, Reward: -4.5, Total Steps: 500
05-11 16:19:39: Episode 2210, Reward: 3.9, Total Steps: 500
05-11 16:19:40: Episode 2220, Reward: 3.9, Total Steps: 500
05-11 16:19:42: Episode 2230, Reward: 3.9, Total Steps: 500
05-11 16:19:43: Episode 2240, Reward: 3.9, Total Steps: 500
05-11 16:19:45: Episode 2250, Reward: 10.7, Total Steps: 500
05-11 16:19:47: Episode 2260, Reward: 6.4, Total Steps: 500
05-11 16:19:49: Episode 2270, Reward: 9.1, Total Steps: 500
05-11 16:19:50: Episode 2280, Reward: -3.3, Total Steps: 500
05-11 16:19:53: Episode 2290, Reward: 3.9, Total Steps: 500
05-11 16:19:55: Episode 2300, Reward: 5.0, Total Steps: 500
05-11 16:19:58: Episode 2310, Reward: 3.9, Total Steps: 500
05-11 16:19:59: Episode 2320, Reward: 3.9, Total Steps: 500
05-11 16:20:00: Episode 2330, Reward: 3.9, Total Steps: 500
05-11 16:20:03: Episode 2340, Reward: 8.4, Total Steps: 500
05-11 16:20:05: Episode 2350, Reward: 3.9, Total Steps: 500
05-11 16:20:08: Episode 2360, Reward: 4.3, Total Steps: 500
05-11 16:20:10: Episode 2370, Reward: 8.4, Total Steps: 500
05-11 16:20:13: Episode 2380, Reward: 9.1, Total Steps: 500
05-11 16:20:15: Episode 2390, Reward: 4.6, Total Steps: 500
05-11 16:20:16: Episode 2400, Reward: 8.4, Total Steps: 500
05-11 16:20:19: Episode 2410, Reward: 3.9, Total Steps: 500
05-11 16:20:21: Episode 2420, Reward: 10.7, Total Steps: 500
05-11 16:20:24: Episode 2430, Reward: 3.9, Total Steps: 500
05-11 16:20:25: Episode 2440, Reward: 3.9, Total Steps: 500
05-11 16:20:29: Episode 2450, Reward: 3.9, Total Steps: 500
05-11 16:20:30: Episode 2460, Reward: 3.9, Total Steps: 500
05-11 16:20:34: Episode 2470, Reward: 3.9, Total Steps: 500
05-11 16:20:35: Episode 2480, Reward: -3.3, Total Steps: 500
05-11 16:20:39: Episode 2490, Reward: 6.3, Total Steps: 500
05-11 16:20:41: Episode 2500, Reward: 4.3, Total Steps: 500
05-11 16:20:45: Episode 2510, Reward: 3.9, Total Steps: 500
05-11 16:20:47: Episode 2520, Reward: 4.3, Total Steps: 500
05-11 16:20:51: Episode 2530, Reward: 3.9, Total Steps: 500
05-11 16:20:55: Episode 2540, Reward: 3.9, Total Steps: 500
05-11 16:20:56: Episode 2550, Reward: 3.9, Total Steps: 500
05-11 16:21:00: Episode 2560, Reward: 8.4, Total Steps: 500
05-11 16:21:01: Episode 2570, Reward: 3.9, Total Steps: 500
05-11 16:21:05: Episode 2580, Reward: 23.1, Total Steps: 500
05-11 16:21:07: Episode 2590, Reward: 3.9, Total Steps: 500
05-11 16:21:10: Episode 2600, Reward: 3.9, Total Steps: 500
05-11 16:21:12: Episode 2610, Reward: 3.9, Total Steps: 500
05-11 16:21:16: Episode 2620, Reward: 10.9, Total Steps: 500
05-11 16:21:20: Episode 2630, Reward: 8.4, Total Steps: 500
05-11 16:21:22: Episode 2640, Reward: 4.6, Total Steps: 500
05-11 16:21:25: Episode 2650, Reward: 3.9, Total Steps: 500
05-11 16:21:27: Episode 2660, Reward: 4.0, Total Steps: 500
05-11 16:21:30: Episode 2670, Reward: 3.9, Total Steps: 500
05-11 16:21:32: Episode 2680, Reward: 3.9, Total Steps: 500
05-11 16:21:36: Episode 2690, Reward: 4.2, Total Steps: 500
05-11 16:21:38: Episode 2700, Reward: 3.9, Total Steps: 500
05-11 16:21:41: Episode 2710, Reward: 4.8, Total Steps: 500
05-11 16:21:43: Episode 2720, Reward: 3.9, Total Steps: 500
05-11 16:21:46: Episode 2730, Reward: 3.9, Total Steps: 500
05-11 16:21:48: Episode 2740, Reward: 10.8, Total Steps: 500
05-11 16:21:51: Episode 2750, Reward: 8.4, Total Steps: 500
05-11 16:21:53: Episode 2760, Reward: 3.9, Total Steps: 500
05-11 16:21:57: Episode 2770, Reward: 4.9, Total Steps: 500
05-11 16:22:01: Episode 2780, Reward: 8.4, Total Steps: 500
05-11 16:22:03: Episode 2790, Reward: 3.9, Total Steps: 500
05-11 16:22:07: Episode 2800, Reward: 18.3, Total Steps: 500
05-11 16:22:09: Episode 2810, Reward: 3.9, Total Steps: 500
05-11 16:22:13: Episode 2820, Reward: 4.7, Total Steps: 500
05-11 16:22:17: Episode 2830, Reward: 8.6, Total Steps: 500
05-11 16:22:19: Episode 2840, Reward: 3.9, Total Steps: 500
05-11 16:22:23: Episode 2850, Reward: 4.6, Total Steps: 500
05-11 16:22:26: Episode 2860, Reward: 3.9, Total Steps: 500
05-11 16:22:28: Episode 2870, Reward: 3.9, Total Steps: 500
05-11 16:22:31: Episode 2880, Reward: 3.9, Total Steps: 500
05-11 16:22:34: Episode 2890, Reward: 4.1, Total Steps: 500
05-11 16:22:38: Episode 2900, Reward: 3.9, Total Steps: 500
05-11 16:22:41: Episode 2910, Reward: 3.9, Total Steps: 500
05-11 16:22:43: Episode 2920, Reward: 13.4, Total Steps: 500
05-11 16:22:47: Episode 2930, Reward: -0.9, Total Steps: 500
05-11 16:22:49: Episode 2940, Reward: 12.9, Total Steps: 500
05-11 16:22:52: Episode 2950, Reward: 3.9, Total Steps: 500
05-11 16:22:54: Episode 2960, Reward: 6.7, Total Steps: 500
05-11 16:22:58: Episode 2970, Reward: 4.1, Total Steps: 500
05-11 16:23:00: Episode 2980, Reward: 4.4, Total Steps: 500
05-11 16:23:02: Episode 2990, Reward: 4.2, Total Steps: 500
05-11 16:23:04: Episode 3000, Reward: 3.9, Total Steps: 500
05-11 16:23:07: Episode 3010, Reward: 8.5, Total Steps: 500
05-11 16:23:08: Episode 3020, Reward: 4.1, Total Steps: 500
05-11 16:23:09: Episode 3030, Reward: 3.9, Total Steps: 500
05-11 16:23:12: Episode 3040, Reward: 4.9, Total Steps: 500
05-11 16:23:14: Episode 3050, Reward: 3.9, Total Steps: 500
05-11 16:23:15: Episode 3060, Reward: 4.3, Total Steps: 500
05-11 16:23:18: Episode 3070, Reward: 8.4, Total Steps: 500
05-11 16:23:19: Episode 3080, Reward: 4.0, Total Steps: 500
05-11 16:23:23: Episode 3090, Reward: 4.5, Total Steps: 500
05-11 16:23:24: Episode 3100, Reward: 3.9, Total Steps: 500
05-11 16:23:25: Episode 3110, Reward: 6.0, Total Steps: 500
05-11 16:23:28: Episode 3120, Reward: 8.9, Total Steps: 500
05-11 16:23:30: Episode 3130, Reward: 11.0, Total Steps: 500
05-11 16:23:34: Episode 3140, Reward: 4.6, Total Steps: 500
05-11 16:23:35: Episode 3150, Reward: 12.9, Total Steps: 500
05-11 16:23:38: Episode 3160, Reward: 3.9, Total Steps: 500
05-11 16:23:39: Episode 3170, Reward: 4.2, Total Steps: 500
05-11 16:23:40: Episode 3180, Reward: 4.1, Total Steps: 500
05-11 16:23:43: Episode 3190, Reward: 3.9, Total Steps: 500
05-11 16:23:44: Episode 3200, Reward: 3.9, Total Steps: 500
05-11 16:23:48: Episode 3210, Reward: 6.8, Total Steps: 500
05-11 16:23:49: Episode 3220, Reward: 12.9, Total Steps: 500
05-11 16:23:51: Episode 3230, Reward: 4.4, Total Steps: 500
05-11 16:23:54: Episode 3240, Reward: 13.6, Total Steps: 500
05-11 16:23:55: Episode 3250, Reward: 8.4, Total Steps: 500
05-11 16:23:58: Episode 3260, Reward: 3.9, Total Steps: 500
05-11 16:24:00: Episode 3270, Reward: 4.9, Total Steps: 500
05-11 16:24:03: Episode 3280, Reward: 3.9, Total Steps: 500
05-11 16:24:04: Episode 3290, Reward: 17.9, Total Steps: 500
05-11 16:24:08: Episode 3300, Reward: 28.1, Total Steps: 500
05-11 16:24:10: Episode 3310, Reward: 8.4, Total Steps: 500
05-11 16:24:12: Episode 3320, Reward: 4.0, Total Steps: 500
05-11 16:24:14: Episode 3330, Reward: 3.9, Total Steps: 500
05-11 16:24:15: Episode 3340, Reward: 9.0, Total Steps: 500
05-11 16:24:18: Episode 3350, Reward: 3.9, Total Steps: 500
05-11 16:24:20: Episode 3360, Reward: 3.9, Total Steps: 500
05-11 16:24:21: Episode 3370, Reward: 3.9, Total Steps: 500
05-11 16:24:23: Episode 3380, Reward: 3.9, Total Steps: 500
05-11 16:24:25: Episode 3390, Reward: 3.9, Total Steps: 500
05-11 16:24:26: Episode 3400, Reward: 3.9, Total Steps: 500
05-11 16:24:29: Episode 3410, Reward: 3.9, Total Steps: 500
05-11 16:24:30: Episode 3420, Reward: 3.9, Total Steps: 500
05-11 16:24:33: Episode 3430, Reward: 3.9, Total Steps: 500
05-11 16:24:35: Episode 3440, Reward: 12.9, Total Steps: 500
05-11 16:24:36: Episode 3450, Reward: 3.9, Total Steps: 500
05-11 16:24:39: Episode 3460, Reward: 3.9, Total Steps: 500
05-11 16:24:40: Episode 3470, Reward: 3.9, Total Steps: 500
05-11 16:24:43: Episode 3480, Reward: 3.9, Total Steps: 500
05-11 16:24:44: Episode 3490, Reward: 3.9, Total Steps: 500
05-11 16:24:45: Episode 3500, Reward: 3.9, Total Steps: 500
05-11 16:24:49: Episode 3510, Reward: 3.9, Total Steps: 500
05-11 16:24:50: Episode 3520, Reward: 11.1, Total Steps: 500
05-11 16:24:53: Episode 3530, Reward: 3.9, Total Steps: 500
05-11 16:24:55: Episode 3540, Reward: 3.9, Total Steps: 500
05-11 16:24:56: Episode 3550, Reward: 3.9, Total Steps: 500
05-11 16:24:59: Episode 3560, Reward: 4.9, Total Steps: 500
05-11 16:25:00: Episode 3570, Reward: 4.7, Total Steps: 500
05-11 16:25:03: Episode 3580, Reward: 4.0, Total Steps: 500
05-11 16:25:05: Episode 3590, Reward: 3.9, Total Steps: 500
05-11 16:25:08: Episode 3600, Reward: 3.9, Total Steps: 500
05-11 16:25:10: Episode 3610, Reward: 18.8, Total Steps: 500
05-11 16:25:14: Episode 3620, Reward: 6.3, Total Steps: 500
05-11 16:25:15: Episode 3630, Reward: 3.9, Total Steps: 500
05-11 16:25:16: Episode 3640, Reward: 9.2, Total Steps: 500
05-11 16:25:20: Episode 3650, Reward: 12.9, Total Steps: 500
05-11 16:25:22: Episode 3660, Reward: 6.6, Total Steps: 500
05-11 16:25:25: Episode 3670, Reward: 9.0, Total Steps: 500
05-11 16:25:26: Episode 3680, Reward: 3.9, Total Steps: 500
05-11 16:25:29: Episode 3690, Reward: 4.7, Total Steps: 500
05-11 16:25:31: Episode 3700, Reward: 10.5, Total Steps: 500
05-11 16:25:32: Episode 3710, Reward: 3.9, Total Steps: 500
05-11 16:25:35: Episode 3720, Reward: 3.9, Total Steps: 500
05-11 16:25:37: Episode 3730, Reward: 3.9, Total Steps: 500
05-11 16:25:40: Episode 3740, Reward: 3.9, Total Steps: 500
05-11 16:25:41: Episode 3750, Reward: 6.1, Total Steps: 500
05-11 16:25:45: Episode 3760, Reward: 4.2, Total Steps: 500
05-11 16:25:46: Episode 3770, Reward: 4.6, Total Steps: 500
05-11 16:25:47: Episode 3780, Reward: 4.4, Total Steps: 500
05-11 16:25:50: Episode 3790, Reward: 3.9, Total Steps: 500
05-11 16:25:52: Episode 3800, Reward: 6.5, Total Steps: 500
05-11 16:25:55: Episode 3810, Reward: 3.9, Total Steps: 500
05-11 16:25:56: Episode 3820, Reward: 3.9, Total Steps: 500
05-11 16:25:59: Episode 3830, Reward: 6.1, Total Steps: 500
05-11 16:26:01: Episode 3840, Reward: 3.9, Total Steps: 500
05-11 16:26:02: Episode 3850, Reward: 4.2, Total Steps: 500
05-11 16:26:05: Episode 3860, Reward: 4.9, Total Steps: 500
05-11 16:26:07: Episode 3870, Reward: 6.6, Total Steps: 500
05-11 16:26:10: Episode 3880, Reward: 10.7, Total Steps: 500
05-11 16:26:12: Episode 3890, Reward: 8.4, Total Steps: 500
05-11 16:26:16: Episode 3900, Reward: 3.9, Total Steps: 500
05-11 16:26:17: Episode 3910, Reward: 3.9, Total Steps: 500
05-11 16:26:20: Episode 3920, Reward: 3.9, Total Steps: 500
05-11 16:26:21: Episode 3930, Reward: 3.9, Total Steps: 500
05-11 16:26:22: Episode 3940, Reward: 3.9, Total Steps: 500
05-11 16:26:25: Episode 3950, Reward: 3.9, Total Steps: 500
05-11 16:26:26: Episode 3960, Reward: 3.9, Total Steps: 500
05-11 16:26:27: Episode 3970, Reward: 4.2, Total Steps: 500
05-11 16:26:30: Episode 3980, Reward: 3.9, Total Steps: 500
05-11 16:26:32: Episode 3990, Reward: 8.4, Total Steps: 500
05-11 16:26:33: Episode 4000, Reward: 3.9, Total Steps: 500
05-11 16:26:36: Episode 4010, Reward: 4.5, Total Steps: 500
05-11 16:26:38: Episode 4020, Reward: 4.6, Total Steps: 500
05-11 16:26:41: Episode 4030, Reward: 12.9, Total Steps: 500
05-11 16:26:42: Episode 4040, Reward: 3.9, Total Steps: 500
05-11 16:26:43: Episode 4050, Reward: 3.9, Total Steps: 500
05-11 16:26:46: Episode 4060, Reward: 3.9, Total Steps: 500
05-11 16:26:47: Episode 4070, Reward: 3.9, Total Steps: 500
05-11 16:26:48: Episode 4080, Reward: 3.9, Total Steps: 500
05-11 16:26:51: Episode 4090, Reward: 3.9, Total Steps: 500
05-11 16:26:52: Episode 4100, Reward: 4.0, Total Steps: 500
05-11 16:26:55: Episode 4110, Reward: 8.4, Total Steps: 500
05-11 16:26:57: Episode 4120, Reward: 3.9, Total Steps: 500
05-11 16:26:58: Episode 4130, Reward: 3.9, Total Steps: 500
05-11 16:27:01: Episode 4140, Reward: 3.9, Total Steps: 500
05-11 16:27:02: Episode 4150, Reward: 3.9, Total Steps: 500
05-11 16:27:05: Episode 4160, Reward: 3.9, Total Steps: 500
05-11 16:27:07: Episode 4170, Reward: 3.9, Total Steps: 500
05-11 16:27:08: Episode 4180, Reward: 3.9, Total Steps: 500
05-11 16:27:11: Episode 4190, Reward: 3.9, Total Steps: 500
05-11 16:27:13: Episode 4200, Reward: 11.3, Total Steps: 500
05-11 16:27:15: Episode 4210, Reward: 3.9, Total Steps: 500
05-11 16:27:17: Episode 4220, Reward: 12.9, Total Steps: 500
05-11 16:27:18: Episode 4230, Reward: 3.9, Total Steps: 500
05-11 16:27:21: Episode 4240, Reward: 11.1, Total Steps: 500
05-11 16:27:22: Episode 4250, Reward: 3.9, Total Steps: 500
05-11 16:27:26: Episode 4260, Reward: 3.9, Total Steps: 500
05-11 16:27:27: Episode 4270, Reward: 3.9, Total Steps: 500
05-11 16:27:28: Episode 4280, Reward: 3.9, Total Steps: 500
05-11 16:27:32: Episode 4290, Reward: 4.1, Total Steps: 500
05-11 16:27:33: Episode 4300, Reward: 3.9, Total Steps: 500
05-11 16:27:36: Episode 4310, Reward: 3.9, Total Steps: 500
05-11 16:27:38: Episode 4320, Reward: 3.9, Total Steps: 500
05-11 16:27:42: Episode 4330, Reward: 9.4, Total Steps: 500
05-11 16:27:43: Episode 4340, Reward: 3.9, Total Steps: 500
05-11 16:27:47: Episode 4350, Reward: 4.1, Total Steps: 500
05-11 16:27:48: Episode 4360, Reward: 3.9, Total Steps: 500
05-11 16:27:52: Episode 4370, Reward: 9.5, Total Steps: 500
05-11 16:27:53: Episode 4380, Reward: 3.9, Total Steps: 500
05-11 16:27:57: Episode 4390, Reward: 4.5, Total Steps: 500
05-11 16:27:58: Episode 4400, Reward: 8.8, Total Steps: 500
05-11 16:28:02: Episode 4410, Reward: 13.9, Total Steps: 500
05-11 16:28:03: Episode 4420, Reward: 12.9, Total Steps: 500
05-11 16:28:07: Episode 4430, Reward: 3.9, Total Steps: 500
05-11 16:28:08: Episode 4440, Reward: 3.9, Total Steps: 500
05-11 16:28:12: Episode 4450, Reward: 6.0, Total Steps: 500
05-11 16:28:13: Episode 4460, Reward: 4.5, Total Steps: 500
05-11 16:28:17: Episode 4470, Reward: 4.2, Total Steps: 500
05-11 16:28:18: Episode 4480, Reward: 4.1, Total Steps: 500
05-11 16:28:19: Episode 4490, Reward: 3.9, Total Steps: 500
05-11 16:28:23: Episode 4500, Reward: 4.4, Total Steps: 500
05-11 16:28:24: Episode 4510, Reward: 4.0, Total Steps: 500
05-11 16:28:27: Episode 4520, Reward: 3.9, Total Steps: 500
05-11 16:28:28: Episode 4530, Reward: 23.0, Total Steps: 500
05-11 16:28:32: Episode 4540, Reward: 3.9, Total Steps: 500
05-11 16:28:33: Episode 4550, Reward: 3.9, Total Steps: 500
05-11 16:28:34: Episode 4560, Reward: 3.9, Total Steps: 500
05-11 16:28:38: Episode 4570, Reward: 18.3, Total Steps: 500
05-11 16:28:39: Episode 4580, Reward: 12.9, Total Steps: 500
05-11 16:28:43: Episode 4590, Reward: 9.0, Total Steps: 500
05-11 16:28:44: Episode 4600, Reward: 3.9, Total Steps: 500
05-11 16:28:47: Episode 4610, Reward: 8.4, Total Steps: 500
05-11 16:28:49: Episode 4620, Reward: 9.1, Total Steps: 500
05-11 16:28:50: Episode 4630, Reward: 3.9, Total Steps: 500
05-11 16:28:54: Episode 4640, Reward: 4.2, Total Steps: 500
05-11 16:28:57: Episode 4650, Reward: 3.9, Total Steps: 500
05-11 16:28:59: Episode 4660, Reward: 3.9, Total Steps: 500
05-11 16:29:00: Episode 4670, Reward: 3.9, Total Steps: 500
05-11 16:29:04: Episode 4680, Reward: 3.9, Total Steps: 500
05-11 16:29:05: Episode 4690, Reward: 3.9, Total Steps: 500
05-11 16:29:08: Episode 4700, Reward: 3.9, Total Steps: 500
05-11 16:29:10: Episode 4710, Reward: 8.4, Total Steps: 500
05-11 16:29:13: Episode 4720, Reward: 6.6, Total Steps: 500
05-11 16:29:14: Episode 4730, Reward: 4.3, Total Steps: 500
05-11 16:29:18: Episode 4740, Reward: 13.3, Total Steps: 500
05-11 16:29:19: Episode 4750, Reward: 4.2, Total Steps: 500
05-11 16:29:20: Episode 4760, Reward: 3.9, Total Steps: 500
05-11 16:29:23: Episode 4770, Reward: 4.2, Total Steps: 500
05-11 16:29:25: Episode 4780, Reward: 8.4, Total Steps: 500
05-11 16:29:28: Episode 4790, Reward: 4.1, Total Steps: 500
05-11 16:29:30: Episode 4800, Reward: 4.0, Total Steps: 500
05-11 16:29:31: Episode 4810, Reward: 3.9, Total Steps: 500
05-11 16:29:34: Episode 4820, Reward: 3.9, Total Steps: 500
05-11 16:29:35: Episode 4830, Reward: 3.9, Total Steps: 500
05-11 16:29:38: Episode 4840, Reward: 3.9, Total Steps: 500
05-11 16:29:40: Episode 4850, Reward: 3.9, Total Steps: 500
05-11 16:29:43: Episode 4860, Reward: 3.9, Total Steps: 500
05-11 16:29:44: Episode 4870, Reward: 13.2, Total Steps: 500
05-11 16:29:46: Episode 4880, Reward: 4.8, Total Steps: 500
05-11 16:29:49: Episode 4890, Reward: 3.9, Total Steps: 500
05-11 16:29:50: Episode 4900, Reward: 3.9, Total Steps: 500
05-11 16:29:54: Episode 4910, Reward: 3.9, Total Steps: 500
05-11 16:29:55: Episode 4920, Reward: 3.9, Total Steps: 500
05-11 16:29:56: Episode 4930, Reward: 3.9, Total Steps: 500
05-11 16:29:59: Episode 4940, Reward: 8.4, Total Steps: 500
05-11 16:30:00: Episode 4950, Reward: 3.9, Total Steps: 500
05-11 16:30:04: Episode 4960, Reward: 8.9, Total Steps: 500
05-11 16:30:05: Episode 4970, Reward: 3.9, Total Steps: 500
05-11 16:30:08: Episode 4980, Reward: 3.9, Total Steps: 500
05-11 16:30:10: Episode 4990, Reward: 3.9, Total Steps: 500
05-11 16:30:11: Episode 5000, Reward: 3.9, Total Steps: 500
05-11 16:30:14: Episode 5010, Reward: 3.9, Total Steps: 500
05-11 16:30:15: Episode 5020, Reward: 3.9, Total Steps: 500
05-11 16:30:19: Episode 5030, Reward: 3.9, Total Steps: 500
05-11 16:30:20: Episode 5040, Reward: 3.9, Total Steps: 500
05-11 16:30:21: Episode 5050, Reward: 3.9, Total Steps: 500
05-11 16:30:25: Episode 5060, Reward: 3.9, Total Steps: 500
05-11 16:30:26: Episode 5070, Reward: -2.1, Total Steps: 500
05-11 16:30:30: Episode 5080, Reward: 6.1, Total Steps: 500
05-11 16:30:31: Episode 5090, Reward: 4.4, Total Steps: 500
05-11 16:30:34: Episode 5100, Reward: 3.9, Total Steps: 500
05-11 16:30:36: Episode 5110, Reward: 3.9, Total Steps: 500
05-11 16:30:39: Episode 5120, Reward: 4.1, Total Steps: 500
05-11 16:30:40: Episode 5130, Reward: 8.4, Total Steps: 500
05-11 16:30:41: Episode 5140, Reward: 3.9, Total Steps: 500
05-11 16:30:45: Episode 5150, Reward: 2.7, Total Steps: 500
05-11 16:30:46: Episode 5160, Reward: 11.0, Total Steps: 500
05-11 16:30:49: Episode 5170, Reward: 4.0, Total Steps: 500
05-11 16:30:51: Episode 5180, Reward: 3.9, Total Steps: 500
05-11 16:30:54: Episode 5190, Reward: 3.9, Total Steps: 500
05-11 16:30:56: Episode 5200, Reward: 18.0, Total Steps: 500
05-11 16:30:57: Episode 5210, Reward: 9.0, Total Steps: 500
05-11 16:31:00: Episode 5220, Reward: 4.2, Total Steps: 500
05-11 16:31:01: Episode 5230, Reward: 3.9, Total Steps: 500
05-11 16:31:05: Episode 5240, Reward: 3.9, Total Steps: 500
05-11 16:31:07: Episode 5250, Reward: 3.9, Total Steps: 500
05-11 16:31:10: Episode 5260, Reward: 3.9, Total Steps: 500
05-11 16:31:11: Episode 5270, Reward: 4.6, Total Steps: 500
05-11 16:31:15: Episode 5280, Reward: 3.9, Total Steps: 500
05-11 16:31:16: Episode 5290, Reward: 3.9, Total Steps: 500
05-11 16:31:17: Episode 5300, Reward: 3.9, Total Steps: 500
05-11 16:31:20: Episode 5310, Reward: 3.9, Total Steps: 500
05-11 16:31:22: Episode 5320, Reward: 8.4, Total Steps: 500
05-11 16:31:25: Episode 5330, Reward: 4.1, Total Steps: 500
05-11 16:31:26: Episode 5340, Reward: 3.9, Total Steps: 500
05-11 16:31:30: Episode 5350, Reward: 3.9, Total Steps: 500
05-11 16:31:31: Episode 5360, Reward: 3.9, Total Steps: 500
05-11 16:31:32: Episode 5370, Reward: 3.9, Total Steps: 500
05-11 16:31:36: Episode 5380, Reward: 6.8, Total Steps: 500
05-11 16:31:37: Episode 5390, Reward: 3.9, Total Steps: 500
05-11 16:31:40: Episode 5400, Reward: 6.1, Total Steps: 500
05-11 16:31:42: Episode 5410, Reward: 6.1, Total Steps: 500
05-11 16:31:47: Episode 5420, Reward: 3.9, Total Steps: 500
05-11 16:31:51: Episode 5430, Reward: 3.9, Total Steps: 500
05-11 16:31:52: Episode 5440, Reward: 3.9, Total Steps: 500
05-11 16:31:56: Episode 5450, Reward: 3.9, Total Steps: 500
05-11 16:31:57: Episode 5460, Reward: 3.9, Total Steps: 500
05-11 16:32:01: Episode 5470, Reward: 10.5, Total Steps: 500
05-11 16:32:02: Episode 5480, Reward: 8.4, Total Steps: 500
05-11 16:32:06: Episode 5490, Reward: 8.4, Total Steps: 500
05-11 16:32:08: Episode 5500, Reward: 3.9, Total Steps: 500
05-11 16:32:11: Episode 5510, Reward: 3.9, Total Steps: 500
05-11 16:32:13: Episode 5520, Reward: 3.9, Total Steps: 500
05-11 16:32:16: Episode 5530, Reward: 3.9, Total Steps: 500
05-11 16:32:18: Episode 5540, Reward: 3.9, Total Steps: 500
05-11 16:32:22: Episode 5550, Reward: 8.4, Total Steps: 500
05-11 16:32:23: Episode 5560, Reward: 10.8, Total Steps: 500
05-11 16:32:27: Episode 5570, Reward: 3.9, Total Steps: 500
05-11 16:32:28: Episode 5580, Reward: 3.9, Total Steps: 500
05-11 16:32:32: Episode 5590, Reward: 3.9, Total Steps: 500
05-11 16:32:33: Episode 5600, Reward: 8.4, Total Steps: 500
05-11 16:32:37: Episode 5610, Reward: 4.6, Total Steps: 500
05-11 16:32:41: Episode 5620, Reward: 8.4, Total Steps: 500
05-11 16:32:42: Episode 5630, Reward: 3.9, Total Steps: 500
05-11 16:32:44: Episode 5640, Reward: 15.1, Total Steps: 500
05-11 16:32:47: Episode 5650, Reward: 4.4, Total Steps: 500
05-11 16:32:48: Episode 5660, Reward: 10.8, Total Steps: 500
05-11 16:32:53: Episode 5670, Reward: 9.4, Total Steps: 500
05-11 16:32:56: Episode 5680, Reward: 11.1, Total Steps: 500
05-11 16:32:57: Episode 5690, Reward: 2.3, Total Steps: 500
05-11 16:32:59: Episode 5700, Reward: 4.8, Total Steps: 500
05-11 16:33:03: Episode 5710, Reward: 3.9, Total Steps: 500
05-11 16:33:04: Episode 5720, Reward: 3.9, Total Steps: 500
05-11 16:33:08: Episode 5730, Reward: -2.1, Total Steps: 500
05-11 16:33:12: Episode 5740, Reward: 3.9, Total Steps: 500
05-11 16:33:13: Episode 5750, Reward: 3.9, Total Steps: 500
05-11 16:33:17: Episode 5760, Reward: 3.9, Total Steps: 500
05-11 16:33:18: Episode 5770, Reward: 4.5, Total Steps: 500
05-11 16:33:21: Episode 5780, Reward: 4.0, Total Steps: 500
05-11 16:33:23: Episode 5790, Reward: -5.7, Total Steps: 500
05-11 16:33:27: Episode 5800, Reward: 8.8, Total Steps: 500
05-11 16:33:28: Episode 5810, Reward: 4.9, Total Steps: 500
05-11 16:33:32: Episode 5820, Reward: 3.9, Total Steps: 500
05-11 16:33:33: Episode 5830, Reward: 3.9, Total Steps: 500
05-11 16:33:37: Episode 5840, Reward: 8.4, Total Steps: 500
05-11 16:33:39: Episode 5850, Reward: 3.9, Total Steps: 500
05-11 16:33:42: Episode 5860, Reward: 3.9, Total Steps: 500
05-11 16:33:44: Episode 5870, Reward: 8.6, Total Steps: 500
05-11 16:33:45: Episode 5880, Reward: 3.9, Total Steps: 500
05-11 16:33:48: Episode 5890, Reward: 4.7, Total Steps: 500
05-11 16:33:50: Episode 5900, Reward: 4.0, Total Steps: 500
05-11 16:33:53: Episode 5910, Reward: 3.9, Total Steps: 500
05-11 16:33:54: Episode 5920, Reward: 4.2, Total Steps: 500
05-11 16:33:58: Episode 5930, Reward: 3.9, Total Steps: 500
05-11 16:33:59: Episode 5940, Reward: 3.9, Total Steps: 500
05-11 16:34:03: Episode 5950, Reward: 4.6, Total Steps: 500
05-11 16:34:04: Episode 5960, Reward: 3.9, Total Steps: 500
05-11 16:34:08: Episode 5970, Reward: 3.9, Total Steps: 500
05-11 16:34:09: Episode 5980, Reward: 3.9, Total Steps: 500
05-11 16:34:13: Episode 5990, Reward: 0.3, Total Steps: 500
05-11 16:34:14: Episode 6000, Reward: 4.1, Total Steps: 500
05-11 16:34:18: Episode 6010, Reward: 8.9, Total Steps: 500
05-11 16:34:20: Episode 6020, Reward: 17.9, Total Steps: 500
05-11 16:34:24: Episode 6030, Reward: 4.4, Total Steps: 500
05-11 16:34:28: Episode 6040, Reward: 8.7, Total Steps: 500
05-11 16:34:29: Episode 6050, Reward: 3.9, Total Steps: 500
05-11 16:34:30: Episode 6060, Reward: 3.9, Total Steps: 500
05-11 16:34:34: Episode 6070, Reward: 3.9, Total Steps: 500
05-11 16:34:35: Episode 6080, Reward: 4.0, Total Steps: 500
05-11 16:34:39: Episode 6090, Reward: 9.2, Total Steps: 500
05-11 16:34:40: Episode 6100, Reward: 4.4, Total Steps: 500
05-11 16:34:44: Episode 6110, Reward: 3.9, Total Steps: 500
05-11 16:34:45: Episode 6120, Reward: 13.5, Total Steps: 500
05-11 16:34:49: Episode 6130, Reward: 6.8, Total Steps: 500
05-11 16:34:50: Episode 6140, Reward: 3.9, Total Steps: 500
05-11 16:34:54: Episode 6150, Reward: 13.8, Total Steps: 500
05-11 16:34:56: Episode 6160, Reward: 3.9, Total Steps: 500
05-11 16:35:00: Episode 6170, Reward: 3.9, Total Steps: 500
05-11 16:35:01: Episode 6180, Reward: 8.4, Total Steps: 500
05-11 16:35:05: Episode 6190, Reward: 4.1, Total Steps: 500
05-11 16:35:06: Episode 6200, Reward: 8.4, Total Steps: 500
05-11 16:35:10: Episode 6210, Reward: 9.5, Total Steps: 500
05-11 16:35:14: Episode 6220, Reward: 3.9, Total Steps: 500
05-11 16:35:15: Episode 6230, Reward: 8.4, Total Steps: 500
05-11 16:35:19: Episode 6240, Reward: 3.9, Total Steps: 500
05-11 16:35:21: Episode 6250, Reward: 6.3, Total Steps: 500
05-11 16:35:25: Episode 6260, Reward: 11.0, Total Steps: 500
05-11 16:35:26: Episode 6270, Reward: 8.4, Total Steps: 500
05-11 16:35:30: Episode 6280, Reward: 18.9, Total Steps: 500
05-11 16:35:32: Episode 6290, Reward: 8.4, Total Steps: 500
05-11 16:35:35: Episode 6300, Reward: 3.9, Total Steps: 500
05-11 16:35:40: Episode 6310, Reward: 6.2, Total Steps: 500
05-11 16:35:41: Episode 6320, Reward: 3.9, Total Steps: 500
05-11 16:35:45: Episode 6330, Reward: 3.9, Total Steps: 500
05-11 16:35:47: Episode 6340, Reward: 18.5, Total Steps: 500
05-11 16:35:51: Episode 6350, Reward: 13.2, Total Steps: 500
05-11 16:35:56: Episode 6360, Reward: 8.4, Total Steps: 500
05-11 16:35:57: Episode 6370, Reward: 3.9, Total Steps: 500
05-11 16:36:01: Episode 6380, Reward: 9.2, Total Steps: 500
05-11 16:36:02: Episode 6390, Reward: 11.3, Total Steps: 500
05-11 16:36:06: Episode 6400, Reward: 11.3, Total Steps: 500
05-11 16:36:08: Episode 6410, Reward: 4.7, Total Steps: 500
05-11 16:36:11: Episode 6420, Reward: 6.0, Total Steps: 500
05-11 16:36:13: Episode 6430, Reward: 3.9, Total Steps: 500
05-11 16:36:17: Episode 6440, Reward: 8.9, Total Steps: 500
05-11 16:36:21: Episode 6450, Reward: 4.2, Total Steps: 500
05-11 16:36:25: Episode 6460, Reward: 4.0, Total Steps: 500
05-11 16:36:27: Episode 6470, Reward: 8.4, Total Steps: 500
05-11 16:36:31: Episode 6480, Reward: 20.4, Total Steps: 500
05-11 16:36:33: Episode 6490, Reward: 13.3, Total Steps: 500
05-11 16:36:36: Episode 6500, Reward: 1.5, Total Steps: 500
05-11 16:36:38: Episode 6510, Reward: 3.9, Total Steps: 500
05-11 16:36:42: Episode 6520, Reward: 8.4, Total Steps: 500
05-11 16:36:43: Episode 6530, Reward: 3.9, Total Steps: 500
05-11 16:36:47: Episode 6540, Reward: 1.5, Total Steps: 500
05-11 16:36:51: Episode 6550, Reward: 4.4, Total Steps: 500
05-11 16:36:52: Episode 6560, Reward: 10.5, Total Steps: 500
05-11 16:36:56: Episode 6570, Reward: 4.2, Total Steps: 500
05-11 16:36:58: Episode 6580, Reward: 6.8, Total Steps: 500
05-11 16:37:02: Episode 6590, Reward: 4.4, Total Steps: 500
05-11 16:37:06: Episode 6600, Reward: 4.7, Total Steps: 500
05-11 16:37:08: Episode 6610, Reward: 4.1, Total Steps: 500
05-11 16:37:11: Episode 6620, Reward: 3.9, Total Steps: 500
05-11 16:37:13: Episode 6630, Reward: 8.4, Total Steps: 500
05-11 16:37:17: Episode 6640, Reward: 4.4, Total Steps: 500
05-11 16:37:18: Episode 6650, Reward: 3.9, Total Steps: 500
05-11 16:37:22: Episode 6660, Reward: 3.9, Total Steps: 500
05-11 16:37:26: Episode 6670, Reward: 3.9, Total Steps: 500
05-11 16:37:28: Episode 6680, Reward: 3.9, Total Steps: 500
05-11 16:37:32: Episode 6690, Reward: 8.4, Total Steps: 500
05-11 16:37:37: Episode 6700, Reward: 4.5, Total Steps: 500
05-11 16:37:38: Episode 6710, Reward: 4.0, Total Steps: 500
05-11 16:37:41: Episode 6720, Reward: 3.9, Total Steps: 500
05-11 16:37:43: Episode 6730, Reward: 3.9, Total Steps: 500
05-11 16:37:47: Episode 6740, Reward: 3.9, Total Steps: 500
05-11 16:37:48: Episode 6750, Reward: 8.6, Total Steps: 500
05-11 16:37:52: Episode 6760, Reward: 4.1, Total Steps: 500
05-11 16:37:53: Episode 6770, Reward: 8.4, Total Steps: 500
05-11 16:37:57: Episode 6780, Reward: 13.9, Total Steps: 500
05-11 16:37:59: Episode 6790, Reward: 3.9, Total Steps: 500
05-11 16:38:03: Episode 6800, Reward: 4.2, Total Steps: 500
05-11 16:38:07: Episode 6810, Reward: 3.9, Total Steps: 500
05-11 16:38:08: Episode 6820, Reward: 3.9, Total Steps: 500
05-11 16:38:12: Episode 6830, Reward: 6.7, Total Steps: 500
05-11 16:38:14: Episode 6840, Reward: 3.9, Total Steps: 500
05-11 16:38:19: Episode 6850, Reward: 6.6, Total Steps: 500
05-11 16:38:23: Episode 6860, Reward: 4.4, Total Steps: 500
05-11 16:38:25: Episode 6870, Reward: 13.7, Total Steps: 500
05-11 16:38:28: Episode 6880, Reward: 4.2, Total Steps: 500
05-11 16:38:30: Episode 6890, Reward: 3.9, Total Steps: 500
05-11 16:38:34: Episode 6900, Reward: 4.4, Total Steps: 500
05-11 16:38:35: Episode 6910, Reward: 3.9, Total Steps: 500
05-11 16:38:39: Episode 6920, Reward: 4.8, Total Steps: 500
05-11 16:38:43: Episode 6930, Reward: 3.9, Total Steps: 500
05-11 16:38:44: Episode 6940, Reward: 4.7, Total Steps: 500
05-11 16:38:49: Episode 6950, Reward: 8.4, Total Steps: 500
05-11 16:38:50: Episode 6960, Reward: 11.3, Total Steps: 500
05-11 16:38:55: Episode 6970, Reward: 8.7, Total Steps: 500
05-11 16:38:59: Episode 6980, Reward: 4.7, Total Steps: 500
05-11 16:39:00: Episode 6990, Reward: 9.1, Total Steps: 500
05-11 16:39:04: Episode 7000, Reward: -2.1, Total Steps: 500
05-11 16:39:06: Episode 7010, Reward: 8.4, Total Steps: 500
05-11 16:39:09: Episode 7020, Reward: 5.0, Total Steps: 500
05-11 16:39:14: Episode 7030, Reward: 4.2, Total Steps: 500
05-11 16:39:15: Episode 7040, Reward: 3.9, Total Steps: 500
05-11 16:39:20: Episode 7050, Reward: 6.8, Total Steps: 500
05-11 16:39:24: Episode 7060, Reward: 3.9, Total Steps: 500
05-11 16:39:25: Episode 7070, Reward: 3.9, Total Steps: 500
05-11 16:39:29: Episode 7080, Reward: 3.9, Total Steps: 500
05-11 16:39:31: Episode 7090, Reward: 6.8, Total Steps: 500
05-11 16:39:35: Episode 7100, Reward: 6.4, Total Steps: 500
05-11 16:39:37: Episode 7110, Reward: 4.3, Total Steps: 500
05-11 16:39:40: Episode 7120, Reward: 8.4, Total Steps: 500
05-11 16:39:46: Episode 7130, Reward: 3.9, Total Steps: 500
05-11 16:39:50: Episode 7140, Reward: 4.3, Total Steps: 500
05-11 16:39:51: Episode 7150, Reward: 3.9, Total Steps: 500
05-11 16:39:55: Episode 7160, Reward: 10.8, Total Steps: 500
05-11 16:39:57: Episode 7170, Reward: 4.2, Total Steps: 500
05-11 16:40:01: Episode 7180, Reward: 8.4, Total Steps: 500
05-11 16:40:05: Episode 7190, Reward: 3.9, Total Steps: 500
05-11 16:40:06: Episode 7200, Reward: 3.9, Total Steps: 500
05-11 16:40:10: Episode 7210, Reward: 4.3, Total Steps: 500
05-11 16:40:11: Episode 7220, Reward: 4.2, Total Steps: 500
05-11 16:40:15: Episode 7230, Reward: 6.1, Total Steps: 500
05-11 16:40:17: Episode 7240, Reward: 3.9, Total Steps: 500
05-11 16:40:21: Episode 7250, Reward: 3.9, Total Steps: 500
05-11 16:40:22: Episode 7260, Reward: 3.9, Total Steps: 500
05-11 16:40:26: Episode 7270, Reward: 0.3, Total Steps: 500
05-11 16:40:27: Episode 7280, Reward: 8.4, Total Steps: 500
05-11 16:40:31: Episode 7290, Reward: 3.9, Total Steps: 500
05-11 16:40:35: Episode 7300, Reward: 3.9, Total Steps: 500
05-11 16:40:37: Episode 7310, Reward: 9.4, Total Steps: 500
05-11 16:40:41: Episode 7320, Reward: 3.9, Total Steps: 500
05-11 16:40:42: Episode 7330, Reward: 4.2, Total Steps: 500
05-11 16:40:46: Episode 7340, Reward: 3.9, Total Steps: 500
05-11 16:40:47: Episode 7350, Reward: 18.0, Total Steps: 500
05-11 16:40:51: Episode 7360, Reward: 3.9, Total Steps: 500
05-11 16:40:56: Episode 7370, Reward: 15.7, Total Steps: 500
05-11 16:40:57: Episode 7380, Reward: 6.4, Total Steps: 500
05-11 16:41:01: Episode 7390, Reward: 3.9, Total Steps: 500
05-11 16:41:03: Episode 7400, Reward: 4.9, Total Steps: 500
05-11 16:41:07: Episode 7410, Reward: 9.1, Total Steps: 500
05-11 16:41:12: Episode 7420, Reward: 12.9, Total Steps: 500
05-11 16:41:16: Episode 7430, Reward: 4.1, Total Steps: 500
05-11 16:41:17: Episode 7440, Reward: 6.5, Total Steps: 500
05-11 16:41:21: Episode 7450, Reward: 13.5, Total Steps: 500
05-11 16:41:23: Episode 7460, Reward: 6.2, Total Steps: 500
05-11 16:41:27: Episode 7470, Reward: 3.9, Total Steps: 500
05-11 16:41:28: Episode 7480, Reward: 8.4, Total Steps: 500
05-11 16:41:32: Episode 7490, Reward: 12.9, Total Steps: 500
05-11 16:41:33: Episode 7500, Reward: 3.9, Total Steps: 500
05-11 16:41:37: Episode 7510, Reward: 3.9, Total Steps: 500
05-11 16:41:42: Episode 7520, Reward: 17.9, Total Steps: 500
05-11 16:41:43: Episode 7530, Reward: 4.3, Total Steps: 500
05-11 16:41:47: Episode 7540, Reward: 4.5, Total Steps: 500
05-11 16:41:48: Episode 7550, Reward: 3.9, Total Steps: 500
05-11 16:41:52: Episode 7560, Reward: 4.2, Total Steps: 500
05-11 16:41:56: Episode 7570, Reward: 4.5, Total Steps: 500
05-11 16:41:58: Episode 7580, Reward: 3.9, Total Steps: 500
05-11 16:42:02: Episode 7590, Reward: 3.9, Total Steps: 500
05-11 16:42:04: Episode 7600, Reward: 4.8, Total Steps: 500
05-11 16:42:08: Episode 7610, Reward: 4.1, Total Steps: 500
05-11 16:42:12: Episode 7620, Reward: 5.0, Total Steps: 500
05-11 16:42:14: Episode 7630, Reward: 6.8, Total Steps: 500
05-11 16:42:18: Episode 7640, Reward: 4.5, Total Steps: 500
05-11 16:42:22: Episode 7650, Reward: 4.7, Total Steps: 500
05-11 16:42:23: Episode 7660, Reward: 4.1, Total Steps: 500
05-11 16:42:25: Episode 7664, Reward: 32.7, Total Steps: 500 (New best! +0.8)
05-11 16:42:28: Episode 7670, Reward: 6.6, Total Steps: 500
05-11 16:42:33: Episode 7680, Reward: 20.4, Total Steps: 500
05-11 16:42:38: Episode 7690, Reward: 8.6, Total Steps: 500
05-11 16:42:40: Episode 7700, Reward: 3.9, Total Steps: 500
05-11 16:42:44: Episode 7710, Reward: 3.9, Total Steps: 500
05-11 16:42:48: Episode 7720, Reward: 8.4, Total Steps: 500
05-11 16:42:49: Episode 7730, Reward: 3.9, Total Steps: 500
05-11 16:42:54: Episode 7740, Reward: 4.6, Total Steps: 500
05-11 16:42:58: Episode 7750, Reward: 20.8, Total Steps: 500
05-11 16:42:59: Episode 7760, Reward: 3.9, Total Steps: 500
05-11 16:43:04: Episode 7770, Reward: 4.7, Total Steps: 500
05-11 16:43:08: Episode 7780, Reward: 0.3, Total Steps: 500
05-11 16:43:09: Episode 7790, Reward: 6.6, Total Steps: 500
05-11 16:43:14: Episode 7800, Reward: 17.9, Total Steps: 500
05-11 16:43:18: Episode 7810, Reward: 5.0, Total Steps: 500
05-11 16:43:19: Episode 7820, Reward: 3.9, Total Steps: 500
05-11 16:43:23: Episode 7830, Reward: 8.4, Total Steps: 500
05-11 16:43:25: Episode 7840, Reward: 13.7, Total Steps: 500
05-11 16:43:29: Episode 7850, Reward: 10.6, Total Steps: 500
05-11 16:43:34: Episode 7860, Reward: 4.1, Total Steps: 500
05-11 16:43:36: Episode 7870, Reward: 3.9, Total Steps: 500
05-11 16:43:40: Episode 7880, Reward: 3.9, Total Steps: 500
05-11 16:43:41: Episode 7884, Reward: 34.4, Total Steps: 500 (New best! +1.7)
05-11 16:43:44: Episode 7890, Reward: 4.8, Total Steps: 500
05-11 16:43:49: Episode 7900, Reward: 4.0, Total Steps: 500
05-11 16:43:50: Episode 7910, Reward: 3.9, Total Steps: 500
05-11 16:43:56: Episode 7920, Reward: 8.4, Total Steps: 500
05-11 16:44:01: Episode 7930, Reward: 32.5, Total Steps: 500
05-11 16:44:05: Episode 7940, Reward: 4.9, Total Steps: 500
05-11 16:44:09: Episode 7950, Reward: 4.2, Total Steps: 500
05-11 16:44:10: Episode 7960, Reward: 3.0, Total Steps: 500
05-11 16:44:15: Episode 7970, Reward: 6.3, Total Steps: 500
05-11 16:44:16: Episode 7980, Reward: 6.0, Total Steps: 500
05-11 16:44:20: Episode 7990, Reward: 5.0, Total Steps: 500
05-11 16:44:24: Episode 8000, Reward: 4.1, Total Steps: 500
05-11 16:44:26: Episode 8010, Reward: 4.2, Total Steps: 500
05-11 16:44:30: Episode 8020, Reward: 3.9, Total Steps: 500
05-11 16:44:31: Episode 8030, Reward: 6.0, Total Steps: 500
05-11 16:44:36: Episode 8040, Reward: 4.3, Total Steps: 500
05-11 16:44:40: Episode 8050, Reward: 13.4, Total Steps: 500
05-11 16:44:42: Episode 8060, Reward: 4.0, Total Steps: 500
05-11 16:44:46: Episode 8070, Reward: 13.2, Total Steps: 500
05-11 16:44:50: Episode 8080, Reward: 3.9, Total Steps: 500
05-11 16:44:51: Episode 8090, Reward: 4.3, Total Steps: 500
05-11 16:44:56: Episode 8100, Reward: 4.3, Total Steps: 500
05-11 16:45:00: Episode 8110, Reward: 3.9, Total Steps: 500
05-11 16:45:02: Episode 8120, Reward: 3.9, Total Steps: 500
05-11 16:45:06: Episode 8130, Reward: 4.5, Total Steps: 500
05-11 16:45:07: Episode 8140, Reward: 3.9, Total Steps: 500
05-11 16:45:11: Episode 8150, Reward: 3.9, Total Steps: 500
05-11 16:45:17: Episode 8160, Reward: 8.4, Total Steps: 500
05-11 16:45:22: Episode 8170, Reward: 6.1, Total Steps: 500
05-11 16:45:26: Episode 8180, Reward: 4.1, Total Steps: 500
05-11 16:45:27: Episode 8190, Reward: 6.6, Total Steps: 500
05-11 16:45:31: Episode 8200, Reward: 4.1, Total Steps: 500
05-11 16:45:36: Episode 8210, Reward: 3.9, Total Steps: 500
05-11 16:45:41: Episode 8220, Reward: 4.8, Total Steps: 500
05-11 16:45:42: Episode 8230, Reward: 3.9, Total Steps: 500
05-11 16:45:46: Episode 8240, Reward: 4.3, Total Steps: 500
05-11 16:45:51: Episode 8250, Reward: 4.5, Total Steps: 500
05-11 16:45:52: Episode 8260, Reward: 4.5, Total Steps: 500
05-11 16:45:57: Episode 8270, Reward: 3.9, Total Steps: 500
05-11 16:45:58: Episode 8280, Reward: 3.9, Total Steps: 500
05-11 16:46:02: Episode 8290, Reward: 3.9, Total Steps: 500
05-11 16:46:07: Episode 8300, Reward: 3.9, Total Steps: 500
05-11 16:46:08: Episode 8310, Reward: 6.6, Total Steps: 500
05-11 16:46:12: Episode 8320, Reward: 4.5, Total Steps: 500
05-11 16:46:16: Episode 8330, Reward: 3.9, Total Steps: 500
05-11 16:46:18: Episode 8340, Reward: 3.9, Total Steps: 500
05-11 16:46:22: Episode 8350, Reward: 8.4, Total Steps: 500
05-11 16:46:24: Episode 8360, Reward: 4.9, Total Steps: 500
05-11 16:46:28: Episode 8370, Reward: 8.4, Total Steps: 500
05-11 16:46:32: Episode 8380, Reward: 4.0, Total Steps: 500
05-11 16:46:38: Episode 8390, Reward: 12.9, Total Steps: 500
05-11 16:46:43: Episode 8400, Reward: 6.6, Total Steps: 500
05-11 16:46:47: Episode 8410, Reward: 3.9, Total Steps: 500
05-11 16:46:49: Episode 8420, Reward: 3.9, Total Steps: 500
05-11 16:46:53: Episode 8430, Reward: 18.3, Total Steps: 500
05-11 16:46:58: Episode 8440, Reward: 13.7, Total Steps: 500
05-11 16:46:59: Episode 8450, Reward: 4.0, Total Steps: 500
05-11 16:47:03: Episode 8460, Reward: 6.4, Total Steps: 500
05-11 16:47:08: Episode 8470, Reward: 6.5, Total Steps: 500
05-11 16:47:09: Episode 8480, Reward: 6.5, Total Steps: 500
05-11 16:47:13: Episode 8490, Reward: 3.9, Total Steps: 500
05-11 16:47:18: Episode 8500, Reward: 3.9, Total Steps: 500
05-11 16:47:23: Episode 8510, Reward: 4.0, Total Steps: 500
05-11 16:47:24: Episode 8520, Reward: 6.5, Total Steps: 500
05-11 16:47:28: Episode 8530, Reward: 3.9, Total Steps: 500
05-11 16:47:33: Episode 8540, Reward: 9.1, Total Steps: 500
05-11 16:47:35: Episode 8550, Reward: 3.9, Total Steps: 500
05-11 16:47:39: Episode 8560, Reward: 8.9, Total Steps: 500
05-11 16:47:43: Episode 8570, Reward: 18.2, Total Steps: 500
05-11 16:47:45: Episode 8580, Reward: 12.9, Total Steps: 500
05-11 16:47:49: Episode 8590, Reward: 8.9, Total Steps: 500
05-11 16:47:53: Episode 8600, Reward: 3.9, Total Steps: 500
05-11 16:47:55: Episode 8610, Reward: 12.9, Total Steps: 500
05-11 16:48:00: Episode 8620, Reward: 3.9, Total Steps: 500
05-11 16:48:05: Episode 8630, Reward: 8.9, Total Steps: 500
05-11 16:48:10: Episode 8640, Reward: 3.9, Total Steps: 500
05-11 16:48:15: Episode 8650, Reward: 13.1, Total Steps: 500
05-11 16:48:19: Episode 8660, Reward: 6.8, Total Steps: 500
05-11 16:48:20: Episode 8670, Reward: 13.4, Total Steps: 500
05-11 16:48:25: Episode 8680, Reward: 4.0, Total Steps: 500
05-11 16:48:29: Episode 8690, Reward: 4.6, Total Steps: 500
05-11 16:48:30: Episode 8700, Reward: 3.9, Total Steps: 500
05-11 16:48:34: Episode 8710, Reward: -4.5, Total Steps: 500
05-11 16:48:36: Episode 8720, Reward: 10.5, Total Steps: 500
05-11 16:48:40: Episode 8730, Reward: 8.6, Total Steps: 500
05-11 16:48:44: Episode 8740, Reward: 8.4, Total Steps: 500
05-11 16:48:49: Episode 8750, Reward: 3.9, Total Steps: 500
05-11 16:48:50: Episode 8760, Reward: 6.8, Total Steps: 500
05-11 16:48:55: Episode 8770, Reward: 3.9, Total Steps: 500
05-11 16:48:59: Episode 8780, Reward: 3.9, Total Steps: 500
05-11 16:49:01: Episode 8790, Reward: 4.4, Total Steps: 500
05-11 16:49:06: Episode 8800, Reward: 4.4, Total Steps: 500
05-11 16:49:10: Episode 8810, Reward: 9.3, Total Steps: 500
05-11 16:49:15: Episode 8820, Reward: 4.4, Total Steps: 500
05-11 16:49:16: Episode 8830, Reward: 8.7, Total Steps: 500
05-11 16:49:21: Episode 8840, Reward: 4.2, Total Steps: 500
05-11 16:49:25: Episode 8850, Reward: 4.4, Total Steps: 500
05-11 16:49:26: Episode 8860, Reward: 3.9, Total Steps: 500
05-11 16:49:31: Episode 8870, Reward: 4.8, Total Steps: 500
05-11 16:49:35: Episode 8880, Reward: 4.3, Total Steps: 500
05-11 16:49:40: Episode 8890, Reward: 4.1, Total Steps: 500
05-11 16:49:41: Episode 8900, Reward: 3.9, Total Steps: 500
05-11 16:49:46: Episode 8910, Reward: 6.8, Total Steps: 500
05-11 16:49:50: Episode 8920, Reward: 4.8, Total Steps: 500
05-11 16:49:52: Episode 8930, Reward: 4.0, Total Steps: 500
05-11 16:49:56: Episode 8940, Reward: 3.9, Total Steps: 500
05-11 16:50:01: Episode 8950, Reward: 4.7, Total Steps: 500
05-11 16:50:02: Episode 8960, Reward: 6.8, Total Steps: 500
05-11 16:50:07: Episode 8970, Reward: 3.9, Total Steps: 500
05-11 16:50:11: Episode 8980, Reward: 4.7, Total Steps: 500
05-11 16:50:15: Episode 8990, Reward: 4.4, Total Steps: 500
05-11 16:50:17: Episode 9000, Reward: 4.1, Total Steps: 500
05-11 16:50:21: Episode 9010, Reward: 8.4, Total Steps: 500
05-11 16:50:22: Episode 9020, Reward: 4.4, Total Steps: 500
05-11 16:50:26: Episode 9030, Reward: 3.9, Total Steps: 500
05-11 16:50:28: Episode 9040, Reward: 12.9, Total Steps: 500
05-11 16:50:32: Episode 9050, Reward: 3.9, Total Steps: 500
05-11 16:50:37: Episode 9060, Reward: -3.3, Total Steps: 500
05-11 16:50:41: Episode 9070, Reward: 17.9, Total Steps: 500
05-11 16:50:43: Episode 9080, Reward: 8.4, Total Steps: 500
05-11 16:50:47: Episode 9090, Reward: 4.1, Total Steps: 500
05-11 16:50:53: Episode 9100, Reward: 4.8, Total Steps: 500
05-11 16:50:57: Episode 9110, Reward: 3.9, Total Steps: 500
05-11 16:51:01: Episode 9120, Reward: 3.9, Total Steps: 500
05-11 16:51:02: Episode 9130, Reward: 3.9, Total Steps: 500
05-11 16:51:07: Episode 9140, Reward: 3.9, Total Steps: 500
05-11 16:51:13: Episode 9150, Reward: 5.0, Total Steps: 500
05-11 16:51:17: Episode 9160, Reward: 6.5, Total Steps: 500
05-11 16:51:22: Episode 9170, Reward: 12.9, Total Steps: 500
05-11 16:51:27: Episode 9180, Reward: 13.7, Total Steps: 500
05-11 16:51:32: Episode 9190, Reward: 3.9, Total Steps: 500
05-11 16:51:37: Episode 9200, Reward: 3.9, Total Steps: 500
05-11 16:51:42: Episode 9210, Reward: 4.0, Total Steps: 500
05-11 16:51:43: Episode 9220, Reward: 3.9, Total Steps: 500
05-11 16:51:48: Episode 9230, Reward: 12.9, Total Steps: 500
05-11 16:51:52: Episode 9240, Reward: -3.3, Total Steps: 500
05-11 16:51:57: Episode 9250, Reward: 4.3, Total Steps: 500
05-11 16:51:59: Episode 9260, Reward: 9.3, Total Steps: 500
05-11 16:52:03: Episode 9270, Reward: 3.9, Total Steps: 500
05-11 16:52:08: Episode 9280, Reward: 6.2, Total Steps: 500
05-11 16:52:14: Episode 9290, Reward: 23.0, Total Steps: 500
05-11 16:52:18: Episode 9300, Reward: 9.0, Total Steps: 500
05-11 16:52:23: Episode 9310, Reward: 8.4, Total Steps: 500
05-11 16:52:27: Episode 9320, Reward: 3.9, Total Steps: 500
05-11 16:52:29: Episode 9330, Reward: 3.9, Total Steps: 500
05-11 16:52:33: Episode 9340, Reward: 8.4, Total Steps: 500
05-11 16:52:38: Episode 9350, Reward: 4.3, Total Steps: 500
05-11 16:52:39: Episode 9360, Reward: 18.4, Total Steps: 500
05-11 16:52:44: Episode 9370, Reward: 3.9, Total Steps: 500
05-11 16:52:48: Episode 9380, Reward: 4.2, Total Steps: 500
05-11 16:52:50: Episode 9390, Reward: 4.6, Total Steps: 500
05-11 16:52:54: Episode 9400, Reward: 3.9, Total Steps: 500
05-11 16:52:59: Episode 9410, Reward: 3.9, Total Steps: 500
05-11 16:53:00: Episode 9420, Reward: 3.9, Total Steps: 500
05-11 16:53:04: Episode 9430, Reward: 3.9, Total Steps: 500
05-11 16:53:09: Episode 9440, Reward: 15.5, Total Steps: 500
05-11 16:53:13: Episode 9450, Reward: 10.8, Total Steps: 500
05-11 16:53:15: Episode 9460, Reward: 3.9, Total Steps: 500
05-11 16:53:20: Episode 9470, Reward: 8.7, Total Steps: 500
05-11 16:53:25: Episode 9480, Reward: 3.9, Total Steps: 500
05-11 16:53:29: Episode 9490, Reward: 4.6, Total Steps: 500
05-11 16:53:35: Episode 9500, Reward: 4.4, Total Steps: 500
05-11 16:53:39: Episode 9510, Reward: 3.9, Total Steps: 500
05-11 16:53:41: Episode 9520, Reward: 3.9, Total Steps: 500
05-11 16:53:45: Episode 9530, Reward: 3.9, Total Steps: 500
05-11 16:53:50: Episode 9540, Reward: 3.9, Total Steps: 500
05-11 16:53:51: Episode 9550, Reward: 3.9, Total Steps: 500
05-11 16:53:55: Episode 9560, Reward: 3.9, Total Steps: 500
05-11 16:53:59: Episode 9570, Reward: 3.9, Total Steps: 500
05-11 16:54:01: Episode 9580, Reward: 8.6, Total Steps: 500
05-11 16:54:05: Episode 9590, Reward: 4.5, Total Steps: 500
05-11 16:54:06: Episode 9600, Reward: 4.0, Total Steps: 500
05-11 16:54:11: Episode 9610, Reward: 3.9, Total Steps: 500
05-11 16:54:15: Episode 9620, Reward: 9.3, Total Steps: 500
05-11 16:54:20: Episode 9630, Reward: 3.9, Total Steps: 500
05-11 16:54:21: Episode 9640, Reward: 3.9, Total Steps: 500
05-11 16:54:25: Episode 9650, Reward: 3.9, Total Steps: 500
05-11 16:54:27: Episode 9660, Reward: 5.0, Total Steps: 500
05-11 16:54:31: Episode 9670, Reward: 2.0, Total Steps: 500
05-11 16:54:36: Episode 9680, Reward: 4.2, Total Steps: 500
05-11 16:54:40: Episode 9690, Reward: 13.0, Total Steps: 500
05-11 16:54:42: Episode 9700, Reward: 3.9, Total Steps: 500
05-11 16:54:46: Episode 9710, Reward: 3.9, Total Steps: 500
05-11 16:54:51: Episode 9720, Reward: 1.5, Total Steps: 500
05-11 16:54:52: Episode 9730, Reward: 3.9, Total Steps: 500
05-11 16:55:01: Episode 9740, Reward: 3.9, Total Steps: 500
05-11 16:55:02: Episode 9750, Reward: 3.9, Total Steps: 500
05-11 16:55:07: Episode 9760, Reward: 9.2, Total Steps: 500
05-11 16:55:11: Episode 9770, Reward: 3.9, Total Steps: 500
05-11 16:55:12: Episode 9780, Reward: 17.9, Total Steps: 500
05-11 16:55:17: Episode 9790, Reward: 3.9, Total Steps: 500
05-11 16:55:22: Episode 9800, Reward: 3.9, Total Steps: 500
05-11 16:55:27: Episode 9810, Reward: 4.5, Total Steps: 500
05-11 16:55:32: Episode 9820, Reward: 4.4, Total Steps: 500
05-11 16:55:33: Episode 9830, Reward: 3.9, Total Steps: 500
05-11 16:55:37: Episode 9840, Reward: 4.3, Total Steps: 500
05-11 16:55:42: Episode 9850, Reward: 3.9, Total Steps: 500
05-11 16:55:47: Episode 9860, Reward: 13.4, Total Steps: 500
05-11 16:55:48: Episode 9870, Reward: 4.3, Total Steps: 500
05-11 16:55:52: Episode 9880, Reward: 3.9, Total Steps: 500
05-11 16:55:58: Episode 9890, Reward: 13.4, Total Steps: 500
05-11 16:56:02: Episode 9900, Reward: 11.2, Total Steps: 500
05-11 16:56:08: Episode 9910, Reward: 3.9, Total Steps: 500
05-11 16:56:12: Episode 9920, Reward: 8.7, Total Steps: 500
05-11 16:56:14: Episode 9924, Reward: 40.9, Total Steps: 500 (New best! +6.5)
05-11 16:56:19: Episode 9930, Reward: 9.1, Total Steps: 500
05-11 16:56:23: Episode 9940, Reward: 4.4, Total Steps: 500
05-11 16:56:27: Episode 9950, Reward: 5.0, Total Steps: 500
05-11 16:56:29: Episode 9960, Reward: 6.8, Total Steps: 500
05-11 16:56:34: Episode 9970, Reward: 6.4, Total Steps: 500
05-11 16:56:38: Episode 9980, Reward: 12.9, Total Steps: 500
05-11 16:56:43: Episode 9990, Reward: 18.1, Total Steps: 500
05-11 16:56:48: Episode 10000, Reward: 12.9, Total Steps: 500
