05-11 15:33:49: Training starting...
05-11 15:33:49: Episode 1, Reward: -8.1, Epsilon: 0.9995 (New best! +inf)
05-11 15:33:50: Episode 2, Reward: -7.5, Epsilon: 0.9990 (New best! +0.6)
05-11 15:33:50: Episode 3, Reward: -6.9, Epsilon: 0.9985 (New best! +0.6)
05-11 15:33:50: Episode 6, Reward: -5.7, Epsilon: 0.9970 (New best! +1.2)
05-11 15:33:50: Episode 7, Reward: -1.5, Epsilon: 0.9965 (New best! +4.2)
05-11 15:33:50: Episode 10, Reward: -8.7, Epsilon: 0.9950
05-11 15:33:52: Episode 20, Reward: -7.5, Epsilon: 0.9900
05-11 15:33:53: Episode 30, Reward: -7.5, Epsilon: 0.9851
05-11 15:33:54: Episode 40, Reward: -8.7, Epsilon: 0.9802
05-11 15:33:56: Episode 50, Reward: -8.7, Epsilon: 0.9753
05-11 15:33:57: Episode 60, Reward: -8.1, Epsilon: 0.9704
05-11 15:33:58: Episode 70, Reward: -8.1, Epsilon: 0.9656
05-11 15:33:59: Episode 80, Reward: -7.5, Epsilon: 0.9608
05-11 15:34:01: Episode 90, Reward: -8.1, Epsilon: 0.9560
05-11 15:34:02: Episode 100, Reward: -8.1, Epsilon: 0.9512
05-11 15:34:03: Episode 110, Reward: -4.5, Epsilon: 0.9465
05-11 15:34:05: Episode 120, Reward: -7.5, Epsilon: 0.9418
05-11 15:34:06: Episode 130, Reward: -7.5, Epsilon: 0.9371
05-11 15:34:08: Episode 140, Reward: -6.3, Epsilon: 0.9324
05-11 15:34:09: Episode 150, Reward: -6.3, Epsilon: 0.9277
05-11 15:34:11: Episode 160, Reward: -7.5, Epsilon: 0.9231
05-11 15:34:12: Episode 170, Reward: -8.1, Epsilon: 0.9185
05-11 15:34:13: Episode 180, Reward: -7.5, Epsilon: 0.9139
05-11 15:34:14: Episode 190, Reward: -6.9, Epsilon: 0.9094
05-11 15:34:16: Episode 200, Reward: -7.5, Epsilon: 0.9048
05-11 15:34:17: Episode 210, Reward: -8.1, Epsilon: 0.9003
05-11 15:34:18: Episode 220, Reward: -7.5, Epsilon: 0.8958
05-11 15:34:20: Episode 230, Reward: -8.1, Epsilon: 0.8913
05-11 15:34:21: Episode 240, Reward: -8.1, Epsilon: 0.8869
05-11 15:34:23: Episode 250, Reward: -6.9, Epsilon: 0.8825
05-11 15:34:24: Episode 260, Reward: -7.5, Epsilon: 0.8781
05-11 15:34:25: Episode 270, Reward: -8.1, Epsilon: 0.8737
05-11 15:34:27: Episode 280, Reward: -8.1, Epsilon: 0.8693
05-11 15:34:28: Episode 290, Reward: -6.9, Epsilon: 0.8650
05-11 15:34:29: Episode 300, Reward: -6.9, Epsilon: 0.8607
05-11 15:34:31: Episode 310, Reward: -6.9, Epsilon: 0.8564
05-11 15:34:33: Episode 320, Reward: -5.1, Epsilon: 0.8521
05-11 15:34:34: Episode 330, Reward: -8.1, Epsilon: 0.8479
05-11 15:34:37: Episode 340, Reward: -5.7, Epsilon: 0.8436
05-11 15:34:38: Episode 350, Reward: -7.5, Epsilon: 0.8394
05-11 15:34:39: Episode 356, Reward: -0.9, Epsilon: 0.8369 (New best! +0.6)
05-11 15:34:40: Episode 360, Reward: -2.7, Epsilon: 0.8352
05-11 15:34:42: Episode 370, Reward: -6.3, Epsilon: 0.8311
05-11 15:34:43: Episode 380, Reward: -8.1, Epsilon: 0.8269
05-11 15:34:44: Episode 390, Reward: -7.5, Epsilon: 0.8228
05-11 15:34:46: Episode 400, Reward: -5.1, Epsilon: 0.8187
05-11 15:34:47: Episode 410, Reward: -7.5, Epsilon: 0.8146
05-11 15:34:48: Episode 420, Reward: -7.5, Epsilon: 0.8105
05-11 15:34:50: Episode 430, Reward: -8.1, Epsilon: 0.8065
05-11 15:34:51: Episode 440, Reward: -6.9, Epsilon: 0.8025
05-11 15:34:52: Episode 450, Reward: -6.9, Epsilon: 0.7985
05-11 15:34:53: Episode 455, Reward: 3.9, Epsilon: 0.7965 (New best! +4.8)
05-11 15:34:54: Episode 460, Reward: -8.1, Epsilon: 0.7945
05-11 15:34:55: Episode 470, Reward: -5.7, Epsilon: 0.7905
05-11 15:34:57: Episode 480, Reward: 0.3, Epsilon: 0.7866
05-11 15:34:58: Episode 490, Reward: -5.1, Epsilon: 0.7827
05-11 15:34:59: Episode 500, Reward: -6.9, Epsilon: 0.7788
05-11 15:35:01: Episode 510, Reward: -7.5, Epsilon: 0.7749
05-11 15:35:02: Episode 520, Reward: -8.1, Epsilon: 0.7710
05-11 15:35:04: Episode 530, Reward: -6.9, Epsilon: 0.7672
05-11 15:35:06: Episode 540, Reward: -7.5, Epsilon: 0.7633
05-11 15:35:07: Episode 550, Reward: -1.5, Epsilon: 0.7595
05-11 15:35:09: Episode 560, Reward: -3.9, Epsilon: 0.7557
05-11 15:35:10: Episode 570, Reward: -6.9, Epsilon: 0.7520
05-11 15:35:11: Episode 580, Reward: -4.5, Epsilon: 0.7482
05-11 15:35:13: Episode 590, Reward: -5.1, Epsilon: 0.7445
05-11 15:35:14: Episode 600, Reward: -6.9, Epsilon: 0.7408
05-11 15:35:15: Episode 610, Reward: -6.9, Epsilon: 0.7371
05-11 15:35:17: Episode 620, Reward: -6.3, Epsilon: 0.7334
05-11 15:35:18: Episode 630, Reward: -5.7, Epsilon: 0.7297
05-11 15:35:19: Episode 640, Reward: 0.3, Epsilon: 0.7261
05-11 15:35:21: Episode 650, Reward: -5.7, Epsilon: 0.7225
05-11 15:35:22: Episode 660, Reward: -2.1, Epsilon: 0.7189
05-11 15:35:24: Episode 670, Reward: -6.9, Epsilon: 0.7153
05-11 15:35:25: Episode 680, Reward: -2.7, Epsilon: 0.7117
05-11 15:35:27: Episode 690, Reward: -3.9, Epsilon: 0.7082
05-11 15:35:28: Episode 700, Reward: -5.7, Epsilon: 0.7046
05-11 15:35:29: Episode 710, Reward: -5.7, Epsilon: 0.7011
05-11 15:35:30: Episode 720, Reward: -4.5, Epsilon: 0.6976
05-11 15:35:32: Episode 730, Reward: -3.3, Epsilon: 0.6941
05-11 15:35:33: Episode 740, Reward: -6.3, Epsilon: 0.6907
05-11 15:35:35: Episode 750, Reward: -7.5, Epsilon: 0.6872
05-11 15:35:37: Episode 760, Reward: -4.5, Epsilon: 0.6838
05-11 15:35:38: Episode 770, Reward: -6.9, Epsilon: 0.6804
05-11 15:35:39: Episode 780, Reward: -1.5, Epsilon: 0.6770
05-11 15:35:41: Episode 790, Reward: -5.7, Epsilon: 0.6736
05-11 15:35:42: Episode 800, Reward: -6.9, Epsilon: 0.6703
05-11 15:35:44: Episode 810, Reward: 0.3, Epsilon: 0.6669
05-11 15:35:45: Episode 820, Reward: -6.3, Epsilon: 0.6636
05-11 15:35:47: Episode 830, Reward: -0.9, Epsilon: 0.6603
05-11 15:35:48: Episode 840, Reward: -6.3, Epsilon: 0.6570
05-11 15:35:50: Episode 850, Reward: -1.5, Epsilon: 0.6537
05-11 15:35:51: Episode 860, Reward: -5.1, Epsilon: 0.6504
05-11 15:35:53: Episode 870, Reward: -6.3, Epsilon: 0.6472
05-11 15:35:54: Episode 880, Reward: -6.3, Epsilon: 0.6440
05-11 15:35:55: Episode 890, Reward: -5.7, Epsilon: 0.6408
05-11 15:35:57: Episode 900, Reward: -4.5, Epsilon: 0.6376
05-11 15:35:58: Episode 910, Reward: -3.3, Epsilon: 0.6344
05-11 15:36:00: Episode 920, Reward: -5.7, Epsilon: 0.6312
05-11 15:36:02: Episode 930, Reward: 1.5, Epsilon: 0.6281
05-11 15:36:03: Episode 940, Reward: -7.5, Epsilon: 0.6249
05-11 15:36:04: Episode 950, Reward: -4.5, Epsilon: 0.6218
05-11 15:36:06: Episode 960, Reward: -3.9, Epsilon: 0.6187
05-11 15:36:08: Episode 970, Reward: -5.1, Epsilon: 0.6156
05-11 15:36:09: Episode 980, Reward: -6.9, Epsilon: 0.6126
05-11 15:36:11: Episode 990, Reward: -5.7, Epsilon: 0.6095
05-11 15:36:12: Episode 1000, Reward: -5.1, Epsilon: 0.6065
05-11 15:36:14: Episode 1010, Reward: -4.5, Epsilon: 0.6034
05-11 15:36:15: Episode 1020, Reward: -0.9, Epsilon: 0.6004
05-11 15:36:17: Episode 1030, Reward: -6.3, Epsilon: 0.5974
05-11 15:36:18: Episode 1040, Reward: -5.7, Epsilon: 0.5944
05-11 15:36:20: Episode 1050, Reward: -6.9, Epsilon: 0.5915
05-11 15:36:21: Episode 1060, Reward: -4.5, Epsilon: 0.5885
05-11 15:36:23: Episode 1070, Reward: 0.3, Epsilon: 0.5856
05-11 15:36:24: Episode 1080, Reward: -2.7, Epsilon: 0.5827
05-11 15:36:25: Episode 1090, Reward: -6.9, Epsilon: 0.5798
05-11 15:36:27: Episode 1100, Reward: -2.1, Epsilon: 0.5769
05-11 15:36:28: Episode 1110, Reward: -3.9, Epsilon: 0.5740
05-11 15:36:30: Episode 1120, Reward: -4.5, Epsilon: 0.5711
05-11 15:36:31: Episode 1130, Reward: -2.7, Epsilon: 0.5683
05-11 15:36:33: Episode 1140, Reward: 3.9, Epsilon: 0.5654
05-11 15:36:33: Episode 1142, Reward: 4.1, Epsilon: 0.5649 (New best! +0.2)
05-11 15:36:34: Episode 1150, Reward: -3.3, Epsilon: 0.5626
05-11 15:36:36: Episode 1160, Reward: -5.7, Epsilon: 0.5598
05-11 15:36:38: Episode 1170, Reward: -0.9, Epsilon: 0.5570
05-11 15:36:39: Episode 1180, Reward: -5.1, Epsilon: 0.5542
05-11 15:36:40: Episode 1190, Reward: -6.9, Epsilon: 0.5515
05-11 15:36:41: Episode 1192, Reward: 4.4, Epsilon: 0.5509 (New best! +0.3)
05-11 15:36:42: Episode 1200, Reward: -5.7, Epsilon: 0.5487
05-11 15:36:43: Episode 1210, Reward: -1.5, Epsilon: 0.5460
05-11 15:36:45: Episode 1220, Reward: -6.3, Epsilon: 0.5433
05-11 15:36:46: Episode 1230, Reward: -4.5, Epsilon: 0.5406
05-11 15:36:48: Episode 1240, Reward: -2.1, Epsilon: 0.5379
05-11 15:36:49: Episode 1250, Reward: -2.1, Epsilon: 0.5352
05-11 15:36:51: Episode 1260, Reward: -3.9, Epsilon: 0.5325
05-11 15:36:52: Episode 1270, Reward: -5.1, Epsilon: 0.5299
05-11 15:36:54: Episode 1280, Reward: -3.9, Epsilon: 0.5272
05-11 15:36:55: Episode 1290, Reward: -5.7, Epsilon: 0.5246
05-11 15:36:57: Episode 1300, Reward: -3.3, Epsilon: 0.5220
05-11 15:36:58: Episode 1310, Reward: -1.5, Epsilon: 0.5194
05-11 15:37:00: Episode 1320, Reward: -7.5, Epsilon: 0.5168
05-11 15:37:01: Episode 1330, Reward: 0.9, Epsilon: 0.5142
05-11 15:37:04: Episode 1340, Reward: 3.9, Epsilon: 0.5116
05-11 15:37:05: Episode 1350, Reward: 0.3, Epsilon: 0.5091
05-11 15:37:07: Episode 1360, Reward: -2.7, Epsilon: 0.5065
05-11 15:37:08: Episode 1370, Reward: -2.7, Epsilon: 0.5040
05-11 15:37:10: Episode 1380, Reward: -5.7, Epsilon: 0.5015
05-11 15:37:11: Episode 1390, Reward: -1.5, Epsilon: 0.4990
05-11 15:37:13: Episode 1400, Reward: 2.1, Epsilon: 0.4965
05-11 15:37:14: Episode 1410, Reward: -5.1, Epsilon: 0.4940
05-11 15:37:15: Episode 1417, Reward: 6.0, Epsilon: 0.4923 (New best! +1.6)
05-11 15:37:16: Episode 1420, Reward: -4.5, Epsilon: 0.4916
05-11 15:37:17: Episode 1430, Reward: -0.3, Epsilon: 0.4891
05-11 15:37:19: Episode 1440, Reward: -6.3, Epsilon: 0.4867
05-11 15:37:20: Episode 1450, Reward: -3.3, Epsilon: 0.4842
05-11 15:37:22: Episode 1460, Reward: -2.7, Epsilon: 0.4818
05-11 15:37:23: Episode 1470, Reward: -2.7, Epsilon: 0.4794
05-11 15:37:25: Episode 1480, Reward: -2.1, Epsilon: 0.4770
05-11 15:37:26: Episode 1490, Reward: -4.5, Epsilon: 0.4746
05-11 15:37:28: Episode 1500, Reward: -2.7, Epsilon: 0.4723
05-11 15:37:29: Episode 1510, Reward: -0.9, Epsilon: 0.4699
05-11 15:37:30: Episode 1520, Reward: -6.3, Epsilon: 0.4676
05-11 15:37:32: Episode 1530, Reward: 0.3, Epsilon: 0.4652
05-11 15:37:34: Episode 1540, Reward: 3.9, Epsilon: 0.4629
05-11 15:37:35: Episode 1550, Reward: -2.7, Epsilon: 0.4606
05-11 15:37:37: Episode 1560, Reward: 4.2, Epsilon: 0.4583
05-11 15:37:38: Episode 1570, Reward: 6.2, Epsilon: 0.4560 (New best! +0.2)
05-11 15:37:40: Episode 1580, Reward: -5.1, Epsilon: 0.4538
05-11 15:37:41: Episode 1590, Reward: 3.9, Epsilon: 0.4515
05-11 15:37:43: Episode 1600, Reward: -3.3, Epsilon: 0.4492
05-11 15:37:44: Episode 1610, Reward: -2.1, Epsilon: 0.4470
05-11 15:37:46: Episode 1620, Reward: -3.9, Epsilon: 0.4448
05-11 15:37:47: Episode 1630, Reward: -4.5, Epsilon: 0.4425
05-11 15:37:49: Episode 1640, Reward: -2.7, Epsilon: 0.4403
05-11 15:37:50: Episode 1650, Reward: -4.5, Epsilon: 0.4381
05-11 15:37:52: Episode 1660, Reward: -3.9, Epsilon: 0.4360
05-11 15:37:53: Episode 1670, Reward: 2.1, Epsilon: 0.4338
05-11 15:37:55: Episode 1680, Reward: -3.3, Epsilon: 0.4316
05-11 15:37:56: Episode 1690, Reward: -5.1, Epsilon: 0.4295
05-11 15:37:57: Episode 1700, Reward: -5.1, Epsilon: 0.4273
05-11 15:37:59: Episode 1710, Reward: -0.9, Epsilon: 0.4252
05-11 15:38:01: Episode 1720, Reward: -4.5, Epsilon: 0.4231
05-11 15:38:02: Episode 1730, Reward: 1.5, Epsilon: 0.4210
05-11 15:38:04: Episode 1740, Reward: 2.7, Epsilon: 0.4189
05-11 15:38:05: Episode 1750, Reward: 2.1, Epsilon: 0.4168
05-11 15:38:07: Episode 1760, Reward: 3.9, Epsilon: 0.4147
05-11 15:38:08: Episode 1770, Reward: -4.5, Epsilon: 0.4126
05-11 15:38:10: Episode 1780, Reward: 0.3, Epsilon: 0.4106
05-11 15:38:11: Episode 1790, Reward: -4.5, Epsilon: 0.4085
05-11 15:38:12: Episode 1800, Reward: -6.9, Epsilon: 0.4065
05-11 15:38:14: Episode 1810, Reward: 2.1, Epsilon: 0.4045
05-11 15:38:16: Episode 1820, Reward: 3.9, Epsilon: 0.4024
05-11 15:38:17: Episode 1830, Reward: -5.1, Epsilon: 0.4004
05-11 15:38:19: Episode 1840, Reward: -5.7, Epsilon: 0.3984
05-11 15:38:20: Episode 1850, Reward: -0.3, Epsilon: 0.3964
05-11 15:38:22: Episode 1860, Reward: -3.3, Epsilon: 0.3945
05-11 15:38:24: Episode 1870, Reward: 0.3, Epsilon: 0.3925
05-11 15:38:25: Episode 1880, Reward: -6.9, Epsilon: 0.3905
05-11 15:38:27: Episode 1890, Reward: 3.9, Epsilon: 0.3886
05-11 15:38:29: Episode 1900, Reward: 3.9, Epsilon: 0.3866
05-11 15:38:30: Episode 1910, Reward: -4.5, Epsilon: 0.3847
05-11 15:38:31: Episode 1920, Reward: 3.9, Epsilon: 0.3828
05-11 15:38:32: Episode 1930, Reward: -0.3, Epsilon: 0.3809
05-11 15:38:35: Episode 1940, Reward: -1.5, Epsilon: 0.3790
05-11 15:38:36: Episode 1950, Reward: -3.3, Epsilon: 0.3771
05-11 15:38:37: Episode 1960, Reward: -3.3, Epsilon: 0.3752
05-11 15:38:39: Episode 1970, Reward: 0.3, Epsilon: 0.3733
05-11 15:38:41: Episode 1980, Reward: 4.6, Epsilon: 0.3715
05-11 15:38:42: Episode 1990, Reward: 3.9, Epsilon: 0.3696
05-11 15:38:44: Episode 2000, Reward: 3.9, Epsilon: 0.3678
05-11 15:38:45: Episode 2010, Reward: 1.5, Epsilon: 0.3660
05-11 15:38:46: Episode 2020, Reward: -2.1, Epsilon: 0.3641
05-11 15:38:48: Episode 2030, Reward: -0.3, Epsilon: 0.3623
05-11 15:38:50: Episode 2040, Reward: 3.9, Epsilon: 0.3605
05-11 15:38:50: Episode 2041, Reward: 6.6, Epsilon: 0.3603 (New best! +0.4)
05-11 15:38:51: Episode 2050, Reward: 3.9, Epsilon: 0.3587
05-11 15:38:52: Episode 2060, Reward: -2.7, Epsilon: 0.3569
05-11 15:38:54: Episode 2070, Reward: -0.9, Epsilon: 0.3551
05-11 15:38:55: Episode 2080, Reward: 3.9, Epsilon: 0.3534
05-11 15:38:57: Episode 2090, Reward: 2.1, Epsilon: 0.3516
05-11 15:38:58: Episode 2100, Reward: -0.3, Epsilon: 0.3498
05-11 15:39:00: Episode 2110, Reward: 4.7, Epsilon: 0.3481
05-11 15:39:01: Episode 2120, Reward: 0.3, Epsilon: 0.3464
05-11 15:39:03: Episode 2130, Reward: 3.9, Epsilon: 0.3446
05-11 15:39:05: Episode 2140, Reward: 2.1, Epsilon: 0.3429
05-11 15:39:06: Episode 2150, Reward: -3.3, Epsilon: 0.3412
05-11 15:39:08: Episode 2160, Reward: 3.9, Epsilon: 0.3395
05-11 15:39:09: Episode 2170, Reward: -1.5, Epsilon: 0.3378
05-11 15:39:11: Episode 2180, Reward: 3.9, Epsilon: 0.3361
05-11 15:39:12: Episode 2190, Reward: 3.9, Epsilon: 0.3344
05-11 15:39:13: Episode 2200, Reward: 3.9, Epsilon: 0.3328
05-11 15:39:15: Episode 2210, Reward: -3.9, Epsilon: 0.3311
05-11 15:39:16: Episode 2220, Reward: 3.9, Epsilon: 0.3295
05-11 15:39:18: Episode 2230, Reward: -3.9, Epsilon: 0.3278
05-11 15:39:20: Episode 2240, Reward: 3.9, Epsilon: 0.3262
05-11 15:39:21: Episode 2250, Reward: 3.9, Epsilon: 0.3246
05-11 15:39:22: Episode 2260, Reward: -2.1, Epsilon: 0.3229
05-11 15:39:24: Episode 2270, Reward: 3.9, Epsilon: 0.3213
05-11 15:39:25: Episode 2280, Reward: 1.5, Epsilon: 0.3197
05-11 15:39:27: Episode 2290, Reward: -2.1, Epsilon: 0.3181
05-11 15:39:28: Episode 2300, Reward: -3.3, Epsilon: 0.3165
05-11 15:39:30: Episode 2310, Reward: -3.9, Epsilon: 0.3150
05-11 15:39:31: Episode 2320, Reward: 0.9, Epsilon: 0.3134
05-11 15:39:32: Episode 2330, Reward: 2.7, Epsilon: 0.3118
05-11 15:39:34: Episode 2340, Reward: -3.3, Epsilon: 0.3103
05-11 15:39:36: Episode 2350, Reward: -5.1, Epsilon: 0.3087
05-11 15:39:37: Episode 2360, Reward: 3.9, Epsilon: 0.3072
05-11 15:39:39: Episode 2370, Reward: 3.9, Epsilon: 0.3057
05-11 15:39:40: Episode 2380, Reward: -0.9, Epsilon: 0.3041
05-11 15:39:42: Episode 2390, Reward: -2.1, Epsilon: 0.3026
05-11 15:39:43: Episode 2400, Reward: -4.5, Epsilon: 0.3011
05-11 15:39:45: Episode 2410, Reward: 3.9, Epsilon: 0.2996
05-11 15:39:46: Episode 2420, Reward: -2.1, Epsilon: 0.2981
05-11 15:39:47: Episode 2430, Reward: -4.5, Epsilon: 0.2966
05-11 15:39:49: Episode 2440, Reward: 3.9, Epsilon: 0.2951
05-11 15:39:51: Episode 2450, Reward: 3.9, Epsilon: 0.2937
05-11 15:39:52: Episode 2460, Reward: -2.1, Epsilon: 0.2922
05-11 15:39:53: Episode 2470, Reward: 4.5, Epsilon: 0.2907
05-11 15:39:56: Episode 2480, Reward: -0.9, Epsilon: 0.2893
05-11 15:39:57: Episode 2490, Reward: -5.1, Epsilon: 0.2879
05-11 15:39:59: Episode 2500, Reward: 0.3, Epsilon: 0.2864
05-11 15:40:00: Episode 2510, Reward: 3.9, Epsilon: 0.2850
05-11 15:40:02: Episode 2520, Reward: -5.7, Epsilon: 0.2836
05-11 15:40:03: Episode 2530, Reward: 2.1, Epsilon: 0.2822
05-11 15:40:05: Episode 2540, Reward: 3.9, Epsilon: 0.2807
05-11 15:40:07: Episode 2550, Reward: 3.9, Epsilon: 0.2793
05-11 15:40:08: Episode 2560, Reward: -2.1, Epsilon: 0.2779
05-11 15:40:09: Episode 2570, Reward: 3.9, Epsilon: 0.2766
05-11 15:40:11: Episode 2580, Reward: 3.9, Epsilon: 0.2752
05-11 15:40:12: Episode 2590, Reward: -5.7, Epsilon: 0.2738
05-11 15:40:14: Episode 2600, Reward: -2.7, Epsilon: 0.2724
05-11 15:40:16: Episode 2610, Reward: 3.9, Epsilon: 0.2711
05-11 15:40:17: Episode 2620, Reward: -0.3, Epsilon: 0.2697
05-11 15:40:18: Episode 2630, Reward: 0.3, Epsilon: 0.2684
05-11 15:40:20: Episode 2640, Reward: 3.9, Epsilon: 0.2670
05-11 15:40:21: Episode 2650, Reward: 3.9, Epsilon: 0.2657
05-11 15:40:23: Episode 2660, Reward: -3.9, Epsilon: 0.2644
05-11 15:40:24: Episode 2670, Reward: -2.1, Epsilon: 0.2631
05-11 15:40:26: Episode 2680, Reward: 3.9, Epsilon: 0.2618
05-11 15:40:27: Episode 2690, Reward: 3.9, Epsilon: 0.2605
05-11 15:40:29: Episode 2700, Reward: -2.1, Epsilon: 0.2592
05-11 15:40:30: Episode 2710, Reward: 0.3, Epsilon: 0.2579
05-11 15:40:32: Episode 2720, Reward: -0.3, Epsilon: 0.2566
05-11 15:40:33: Episode 2730, Reward: 0.3, Epsilon: 0.2553
05-11 15:40:35: Episode 2740, Reward: -2.1, Epsilon: 0.2540
05-11 15:40:37: Episode 2750, Reward: -5.1, Epsilon: 0.2528
05-11 15:40:38: Episode 2760, Reward: -2.1, Epsilon: 0.2515
05-11 15:40:39: Episode 2770, Reward: -2.7, Epsilon: 0.2502
05-11 15:40:41: Episode 2780, Reward: -3.9, Epsilon: 0.2490
05-11 15:40:43: Episode 2790, Reward: 2.1, Epsilon: 0.2477
05-11 15:40:44: Episode 2800, Reward: 1.5, Epsilon: 0.2465
05-11 15:40:46: Episode 2810, Reward: 0.3, Epsilon: 0.2453
05-11 15:40:47: Episode 2820, Reward: 3.9, Epsilon: 0.2441
05-11 15:40:48: Episode 2830, Reward: 3.9, Epsilon: 0.2428
05-11 15:40:50: Episode 2840, Reward: 3.9, Epsilon: 0.2416
05-11 15:40:52: Episode 2850, Reward: 3.9, Epsilon: 0.2404
05-11 15:40:53: Episode 2860, Reward: 0.9, Epsilon: 0.2392
05-11 15:40:54: Episode 2870, Reward: 1.5, Epsilon: 0.2380
05-11 15:40:56: Episode 2880, Reward: -2.7, Epsilon: 0.2368
05-11 15:40:57: Episode 2890, Reward: -1.5, Epsilon: 0.2357
05-11 15:40:59: Episode 2900, Reward: -3.3, Epsilon: 0.2345
05-11 15:41:00: Episode 2910, Reward: 3.3, Epsilon: 0.2333
05-11 15:41:02: Episode 2920, Reward: 3.9, Epsilon: 0.2322
05-11 15:41:03: Episode 2930, Reward: -2.1, Epsilon: 0.2310
05-11 15:41:05: Episode 2940, Reward: 3.9, Epsilon: 0.2298
05-11 15:41:07: Episode 2950, Reward: 3.9, Epsilon: 0.2287
05-11 15:41:08: Episode 2960, Reward: 3.9, Epsilon: 0.2276
05-11 15:41:10: Episode 2970, Reward: 3.9, Epsilon: 0.2264
05-11 15:41:12: Episode 2980, Reward: 3.9, Epsilon: 0.2253
05-11 15:41:13: Episode 2990, Reward: -0.9, Epsilon: 0.2242
05-11 15:41:14: Episode 3000, Reward: 2.7, Epsilon: 0.2230
05-11 15:41:16: Episode 3010, Reward: 3.9, Epsilon: 0.2219
05-11 15:41:17: Episode 3020, Reward: -1.5, Epsilon: 0.2208
05-11 15:41:19: Episode 3030, Reward: 2.1, Epsilon: 0.2197
05-11 15:41:20: Episode 3040, Reward: 3.9, Epsilon: 0.2186
05-11 15:41:22: Episode 3050, Reward: 4.6, Epsilon: 0.2175
05-11 15:41:23: Episode 3060, Reward: 4.4, Epsilon: 0.2165
05-11 15:41:25: Episode 3070, Reward: -3.3, Epsilon: 0.2154
05-11 15:41:27: Episode 3080, Reward: 3.9, Epsilon: 0.2143
05-11 15:41:29: Episode 3090, Reward: -3.3, Epsilon: 0.2132
05-11 15:41:30: Episode 3097, Reward: 6.7, Epsilon: 0.2125 (New best! +0.1)
05-11 15:41:30: Episode 3100, Reward: -0.9, Epsilon: 0.2122
05-11 15:41:32: Episode 3110, Reward: 3.9, Epsilon: 0.2111
05-11 15:41:33: Episode 3120, Reward: 3.9, Epsilon: 0.2101
05-11 15:41:35: Episode 3130, Reward: -7.5, Epsilon: 0.2090
05-11 15:41:37: Episode 3140, Reward: 3.9, Epsilon: 0.2080
05-11 15:41:38: Episode 3150, Reward: 3.9, Epsilon: 0.2069
05-11 15:41:40: Episode 3160, Reward: 4.8, Epsilon: 0.2059
05-11 15:41:42: Episode 3170, Reward: 3.9, Epsilon: 0.2049
05-11 15:41:43: Episode 3180, Reward: 3.9, Epsilon: 0.2038
05-11 15:41:44: Episode 3190, Reward: 1.5, Epsilon: 0.2028
05-11 15:41:46: Episode 3200, Reward: 3.9, Epsilon: 0.2018
05-11 15:41:48: Episode 3210, Reward: 3.9, Epsilon: 0.2008
05-11 15:41:49: Episode 3220, Reward: 3.9, Epsilon: 0.1998
05-11 15:41:50: Episode 3230, Reward: 3.9, Epsilon: 0.1988
05-11 15:41:52: Episode 3240, Reward: 4.3, Epsilon: 0.1978
05-11 15:41:54: Episode 3250, Reward: 3.9, Epsilon: 0.1968
05-11 15:41:55: Episode 3260, Reward: 3.9, Epsilon: 0.1958
05-11 15:41:57: Episode 3270, Reward: 4.3, Epsilon: 0.1949
05-11 15:41:59: Episode 3280, Reward: 4.3, Epsilon: 0.1939
05-11 15:42:00: Episode 3290, Reward: -3.3, Epsilon: 0.1929
05-11 15:42:02: Episode 3300, Reward: 3.9, Epsilon: 0.1920
05-11 15:42:03: Episode 3310, Reward: -0.9, Epsilon: 0.1910
05-11 15:42:05: Episode 3320, Reward: 3.9, Epsilon: 0.1901
05-11 15:42:07: Episode 3330, Reward: 2.1, Epsilon: 0.1891
05-11 15:42:08: Episode 3340, Reward: 4.0, Epsilon: 0.1882
05-11 15:42:10: Episode 3350, Reward: 3.9, Epsilon: 0.1872
05-11 15:42:11: Episode 3360, Reward: 3.9, Epsilon: 0.1863
05-11 15:42:13: Episode 3370, Reward: 3.9, Epsilon: 0.1854
05-11 15:42:14: Episode 3380, Reward: -2.7, Epsilon: 0.1844
05-11 15:42:16: Episode 3390, Reward: 3.9, Epsilon: 0.1835
05-11 15:42:18: Episode 3400, Reward: 3.9, Epsilon: 0.1826
05-11 15:42:19: Episode 3410, Reward: 3.9, Epsilon: 0.1817
05-11 15:42:20: Episode 3420, Reward: 3.9, Epsilon: 0.1808
05-11 15:42:22: Episode 3430, Reward: 3.9, Epsilon: 0.1799
05-11 15:42:24: Episode 3440, Reward: 3.9, Epsilon: 0.1790
05-11 15:42:25: Episode 3450, Reward: 3.9, Epsilon: 0.1781
05-11 15:42:26: Episode 3460, Reward: 3.9, Epsilon: 0.1772
05-11 15:42:28: Episode 3470, Reward: 4.2, Epsilon: 0.1763
05-11 15:42:30: Episode 3480, Reward: 3.9, Epsilon: 0.1754
05-11 15:42:31: Episode 3490, Reward: 3.9, Epsilon: 0.1746
05-11 15:42:33: Episode 3500, Reward: 3.9, Epsilon: 0.1737
05-11 15:42:35: Episode 3510, Reward: 3.9, Epsilon: 0.1728
05-11 15:42:36: Episode 3520, Reward: 3.9, Epsilon: 0.1720
05-11 15:42:38: Episode 3530, Reward: 3.9, Epsilon: 0.1711
05-11 15:42:39: Episode 3540, Reward: 3.9, Epsilon: 0.1703
05-11 15:42:41: Episode 3550, Reward: 3.9, Epsilon: 0.1694
05-11 15:42:43: Episode 3560, Reward: -3.3, Epsilon: 0.1686
05-11 15:42:44: Episode 3570, Reward: 4.0, Epsilon: 0.1677
05-11 15:42:45: Episode 3580, Reward: 4.3, Epsilon: 0.1669
05-11 15:42:47: Episode 3590, Reward: 4.0, Epsilon: 0.1661
05-11 15:42:49: Episode 3600, Reward: 4.6, Epsilon: 0.1652
05-11 15:42:50: Episode 3610, Reward: 3.9, Epsilon: 0.1644
05-11 15:42:51: Episode 3620, Reward: 3.9, Epsilon: 0.1636
05-11 15:42:53: Episode 3630, Reward: 3.9, Epsilon: 0.1628
05-11 15:42:55: Episode 3640, Reward: 3.9, Epsilon: 0.1620
05-11 15:42:56: Episode 3650, Reward: 4.5, Epsilon: 0.1611
05-11 15:42:59: Episode 3660, Reward: -4.5, Epsilon: 0.1603
05-11 15:43:00: Episode 3670, Reward: 3.9, Epsilon: 0.1595
05-11 15:43:02: Episode 3680, Reward: 3.9, Epsilon: 0.1587
05-11 15:43:04: Episode 3690, Reward: 3.9, Epsilon: 0.1580
05-11 15:43:05: Episode 3700, Reward: 4.1, Epsilon: 0.1572
05-11 15:43:07: Episode 3710, Reward: 4.5, Epsilon: 0.1564
05-11 15:43:09: Episode 3720, Reward: -1.5, Epsilon: 0.1556
05-11 15:43:10: Episode 3730, Reward: 3.9, Epsilon: 0.1548
05-11 15:43:11: Episode 3740, Reward: 3.9, Epsilon: 0.1541
05-11 15:43:13: Episode 3750, Reward: 3.9, Epsilon: 0.1533
05-11 15:43:15: Episode 3760, Reward: 3.9, Epsilon: 0.1525
05-11 15:43:16: Episode 3770, Reward: 4.1, Epsilon: 0.1518
05-11 15:43:18: Episode 3780, Reward: 3.9, Epsilon: 0.1510
05-11 15:43:19: Episode 3790, Reward: 3.9, Epsilon: 0.1502
05-11 15:43:21: Episode 3800, Reward: 3.9, Epsilon: 0.1495
05-11 15:43:22: Episode 3810, Reward: -0.9, Epsilon: 0.1488
05-11 15:43:24: Episode 3820, Reward: 4.0, Epsilon: 0.1480
05-11 15:43:25: Episode 3830, Reward: 3.9, Epsilon: 0.1473
05-11 15:43:27: Episode 3840, Reward: 3.9, Epsilon: 0.1465
05-11 15:43:29: Episode 3850, Reward: 0.9, Epsilon: 0.1458
05-11 15:43:30: Episode 3860, Reward: -1.5, Epsilon: 0.1451
05-11 15:43:32: Episode 3870, Reward: 4.6, Epsilon: 0.1444
05-11 15:43:33: Episode 3880, Reward: 3.9, Epsilon: 0.1436
05-11 15:43:35: Episode 3890, Reward: 3.9, Epsilon: 0.1429
05-11 15:43:37: Episode 3900, Reward: -3.9, Epsilon: 0.1422
05-11 15:43:39: Episode 3910, Reward: 3.9, Epsilon: 0.1415
05-11 15:43:40: Episode 3920, Reward: 4.3, Epsilon: 0.1408
05-11 15:43:41: Episode 3930, Reward: 3.9, Epsilon: 0.1401
05-11 15:43:43: Episode 3940, Reward: 3.9, Epsilon: 0.1394
05-11 15:43:45: Episode 3950, Reward: -2.1, Epsilon: 0.1387
05-11 15:43:46: Episode 3960, Reward: 4.0, Epsilon: 0.1380
05-11 15:43:48: Episode 3970, Reward: 3.9, Epsilon: 0.1373
05-11 15:43:50: Episode 3980, Reward: 4.5, Epsilon: 0.1366
05-11 15:43:51: Episode 3990, Reward: 3.9, Epsilon: 0.1359
05-11 15:43:52: Episode 4000, Reward: 4.4, Epsilon: 0.1353
05-11 15:43:54: Episode 4010, Reward: 3.9, Epsilon: 0.1346
05-11 15:43:56: Episode 4020, Reward: 3.9, Epsilon: 0.1339
05-11 15:43:57: Episode 4030, Reward: 4.6, Epsilon: 0.1333
05-11 15:43:59: Episode 4040, Reward: 3.9, Epsilon: 0.1326
05-11 15:44:01: Episode 4050, Reward: -3.3, Epsilon: 0.1319
05-11 15:44:02: Episode 4060, Reward: 3.3, Epsilon: 0.1313
05-11 15:44:05: Episode 4070, Reward: 4.1, Epsilon: 0.1306
05-11 15:44:06: Episode 4080, Reward: 3.9, Epsilon: 0.1300
05-11 15:44:08: Episode 4090, Reward: 3.9, Epsilon: 0.1293
05-11 15:44:10: Episode 4100, Reward: 3.9, Epsilon: 0.1287
05-11 15:44:11: Episode 4110, Reward: 3.9, Epsilon: 0.1280
05-11 15:44:12: Episode 4120, Reward: 3.9, Epsilon: 0.1274
05-11 15:44:14: Episode 4130, Reward: -3.3, Epsilon: 0.1268
05-11 15:44:16: Episode 4140, Reward: 3.9, Epsilon: 0.1261
05-11 15:44:17: Episode 4150, Reward: 4.9, Epsilon: 0.1255
05-11 15:44:19: Episode 4160, Reward: 4.4, Epsilon: 0.1249
05-11 15:44:21: Episode 4170, Reward: -3.9, Epsilon: 0.1242
05-11 15:44:22: Episode 4180, Reward: 4.7, Epsilon: 0.1236
05-11 15:44:24: Episode 4190, Reward: 1.5, Epsilon: 0.1230
05-11 15:44:25: Episode 4200, Reward: 3.9, Epsilon: 0.1224
05-11 15:44:27: Episode 4210, Reward: -5.7, Epsilon: 0.1218
05-11 15:44:28: Episode 4220, Reward: 3.9, Epsilon: 0.1212
05-11 15:44:30: Episode 4230, Reward: 3.9, Epsilon: 0.1206
05-11 15:44:31: Episode 4240, Reward: 2.1, Epsilon: 0.1200
05-11 15:44:33: Episode 4250, Reward: 0.9, Epsilon: 0.1194
05-11 15:44:36: Episode 4260, Reward: 3.9, Epsilon: 0.1188
05-11 15:44:37: Episode 4270, Reward: 4.5, Epsilon: 0.1182
05-11 15:44:39: Episode 4280, Reward: 3.9, Epsilon: 0.1176
05-11 15:44:40: Episode 4290, Reward: 3.9, Epsilon: 0.1170
05-11 15:44:42: Episode 4300, Reward: 3.9, Epsilon: 0.1164
05-11 15:44:44: Episode 4310, Reward: 4.8, Epsilon: 0.1158
05-11 15:44:45: Episode 4320, Reward: 3.9, Epsilon: 0.1153
05-11 15:44:46: Episode 4330, Reward: 2.1, Epsilon: 0.1147
05-11 15:44:48: Episode 4340, Reward: 3.9, Epsilon: 0.1141
05-11 15:44:50: Episode 4350, Reward: 4.6, Epsilon: 0.1135
05-11 15:44:51: Episode 4360, Reward: 3.9, Epsilon: 0.1130
05-11 15:44:52: Episode 4370, Reward: 3.9, Epsilon: 0.1124
05-11 15:44:54: Episode 4380, Reward: 3.9, Epsilon: 0.1119
05-11 15:44:56: Episode 4390, Reward: -3.9, Epsilon: 0.1113
05-11 15:44:57: Episode 4400, Reward: 3.9, Epsilon: 0.1107
05-11 15:44:59: Episode 4410, Reward: 4.5, Epsilon: 0.1102
05-11 15:45:00: Episode 4420, Reward: 3.9, Epsilon: 0.1096
05-11 15:45:02: Episode 4430, Reward: 3.9, Epsilon: 0.1091
05-11 15:45:03: Episode 4440, Reward: 3.9, Epsilon: 0.1085
05-11 15:45:05: Episode 4450, Reward: 2.0, Epsilon: 0.1080
05-11 15:45:07: Episode 4460, Reward: 4.6, Epsilon: 0.1075
05-11 15:45:08: Episode 4470, Reward: 3.9, Epsilon: 0.1069
05-11 15:45:10: Episode 4480, Reward: 3.9, Epsilon: 0.1064
05-11 15:45:11: Episode 4490, Reward: 3.9, Epsilon: 0.1059
05-11 15:45:13: Episode 4500, Reward: 3.9, Epsilon: 0.1053
05-11 15:45:15: Episode 4510, Reward: 4.8, Epsilon: 0.1048
05-11 15:45:16: Episode 4520, Reward: 3.9, Epsilon: 0.1043
05-11 15:45:18: Episode 4530, Reward: 3.9, Epsilon: 0.1038
05-11 15:45:20: Episode 4540, Reward: 3.9, Epsilon: 0.1033
05-11 15:45:21: Episode 4550, Reward: 4.5, Epsilon: 0.1027
05-11 15:45:22: Episode 4560, Reward: 3.9, Epsilon: 0.1022
05-11 15:45:24: Episode 4570, Reward: 4.0, Epsilon: 0.1017
05-11 15:45:26: Episode 4580, Reward: 3.9, Epsilon: 0.1012
05-11 15:45:27: Episode 4590, Reward: 3.9, Epsilon: 0.1007
05-11 15:45:28: Episode 4600, Reward: 3.9, Epsilon: 0.1002
05-11 15:45:30: Episode 4610, Reward: 3.9, Epsilon: 0.0997
05-11 15:45:32: Episode 4620, Reward: 3.9, Epsilon: 0.0992
05-11 15:45:33: Episode 4630, Reward: 0.9, Epsilon: 0.0987
05-11 15:45:35: Episode 4640, Reward: 3.9, Epsilon: 0.0982
05-11 15:45:37: Episode 4650, Reward: 4.6, Epsilon: 0.0977
05-11 15:45:38: Episode 4660, Reward: -6.9, Epsilon: 0.0972
05-11 15:45:40: Episode 4670, Reward: 3.9, Epsilon: 0.0968
05-11 15:45:41: Episode 4680, Reward: 3.9, Epsilon: 0.0963
05-11 15:45:43: Episode 4690, Reward: 4.3, Epsilon: 0.0958
05-11 15:45:45: Episode 4700, Reward: 3.9, Epsilon: 0.0953
05-11 15:45:46: Episode 4710, Reward: 3.9, Epsilon: 0.0948
05-11 15:45:47: Episode 4720, Reward: -2.1, Epsilon: 0.0944
05-11 15:45:49: Episode 4730, Reward: 3.9, Epsilon: 0.0939
05-11 15:45:51: Episode 4740, Reward: 2.1, Epsilon: 0.0934
05-11 15:45:52: Episode 4750, Reward: 3.9, Epsilon: 0.0930
05-11 15:45:54: Episode 4760, Reward: 3.9, Epsilon: 0.0925
05-11 15:45:55: Episode 4770, Reward: 3.9, Epsilon: 0.0920
05-11 15:45:57: Episode 4780, Reward: 4.9, Epsilon: 0.0916
05-11 15:45:58: Episode 4790, Reward: -1.5, Epsilon: 0.0911
05-11 15:46:00: Episode 4800, Reward: 4.2, Epsilon: 0.0907
05-11 15:46:02: Episode 4810, Reward: 4.1, Epsilon: 0.0902
05-11 15:46:03: Episode 4820, Reward: 4.0, Epsilon: 0.0898
05-11 15:46:05: Episode 4830, Reward: 3.9, Epsilon: 0.0893
05-11 15:46:07: Episode 4840, Reward: 3.9, Epsilon: 0.0889
05-11 15:46:08: Episode 4850, Reward: 4.6, Epsilon: 0.0884
05-11 15:46:11: Episode 4860, Reward: 4.3, Epsilon: 0.0880
05-11 15:46:12: Episode 4870, Reward: 3.9, Epsilon: 0.0875
05-11 15:46:14: Episode 4880, Reward: 3.9, Epsilon: 0.0871
05-11 15:46:15: Episode 4890, Reward: 3.9, Epsilon: 0.0867
05-11 15:46:17: Episode 4900, Reward: 4.7, Epsilon: 0.0862
05-11 15:46:19: Episode 4910, Reward: 3.9, Epsilon: 0.0858
05-11 15:46:20: Episode 4920, Reward: 4.6, Epsilon: 0.0854
05-11 15:46:22: Episode 4930, Reward: 4.3, Epsilon: 0.0850
05-11 15:46:24: Episode 4940, Reward: -3.9, Epsilon: 0.0845
05-11 15:46:26: Episode 4950, Reward: -2.1, Epsilon: 0.0841
05-11 15:46:28: Episode 4960, Reward: 4.4, Epsilon: 0.0837
05-11 15:46:29: Episode 4970, Reward: 3.9, Epsilon: 0.0833
05-11 15:46:32: Episode 4980, Reward: 4.1, Epsilon: 0.0829
05-11 15:46:34: Episode 4990, Reward: 3.9, Epsilon: 0.0824
05-11 15:46:36: Episode 5000, Reward: 3.9, Epsilon: 0.0820
05-11 15:46:38: Episode 5010, Reward: 2.1, Epsilon: 0.0816
05-11 15:46:40: Episode 5020, Reward: 0.3, Epsilon: 0.0812
05-11 15:46:42: Episode 5030, Reward: -0.9, Epsilon: 0.0808
05-11 15:46:44: Episode 5040, Reward: 3.9, Epsilon: 0.0804
05-11 15:46:47: Episode 5050, Reward: 3.9, Epsilon: 0.0800
05-11 15:46:49: Episode 5060, Reward: -4.5, Epsilon: 0.0796
05-11 15:46:52: Episode 5070, Reward: 2.7, Epsilon: 0.0792
05-11 15:46:53: Episode 5080, Reward: 3.9, Epsilon: 0.0788
05-11 15:46:57: Episode 5090, Reward: 3.9, Epsilon: 0.0784
05-11 15:47:00: Episode 5100, Reward: 3.9, Epsilon: 0.0780
05-11 15:47:02: Episode 5110, Reward: 3.9, Epsilon: 0.0776
05-11 15:47:04: Episode 5120, Reward: -8.7, Epsilon: 0.0773
05-11 15:47:08: Episode 5130, Reward: 3.9, Epsilon: 0.0769
05-11 15:47:10: Episode 5140, Reward: 4.6, Epsilon: 0.0765
05-11 15:47:12: Episode 5150, Reward: 4.4, Epsilon: 0.0761
05-11 15:47:14: Episode 5160, Reward: 3.9, Epsilon: 0.0757
05-11 15:47:15: Episode 5170, Reward: 3.9, Epsilon: 0.0753
05-11 15:47:18: Episode 5180, Reward: 0.3, Epsilon: 0.0750
05-11 15:47:19: Episode 5190, Reward: 3.9, Epsilon: 0.0746
05-11 15:47:22: Episode 5200, Reward: 3.9, Epsilon: 0.0742
05-11 15:47:24: Episode 5210, Reward: 3.9, Epsilon: 0.0739
05-11 15:47:25: Episode 5220, Reward: -3.3, Epsilon: 0.0735
05-11 15:47:27: Episode 5230, Reward: -3.3, Epsilon: 0.0731
05-11 15:47:29: Episode 5240, Reward: 3.9, Epsilon: 0.0728
05-11 15:47:32: Episode 5250, Reward: 3.9, Epsilon: 0.0724
05-11 15:47:33: Episode 5260, Reward: 4.7, Epsilon: 0.0720
05-11 15:47:35: Episode 5270, Reward: 4.7, Epsilon: 0.0717
05-11 15:47:38: Episode 5280, Reward: 3.3, Epsilon: 0.0713
05-11 15:47:40: Episode 5290, Reward: 3.9, Epsilon: 0.0710
05-11 15:47:43: Episode 5300, Reward: 3.9, Epsilon: 0.0706
05-11 15:47:45: Episode 5310, Reward: 4.7, Epsilon: 0.0703
05-11 15:47:48: Episode 5320, Reward: 3.9, Epsilon: 0.0699
05-11 15:47:50: Episode 5330, Reward: 1.5, Epsilon: 0.0696
05-11 15:47:51: Episode 5340, Reward: 3.9, Epsilon: 0.0692
05-11 15:47:54: Episode 5350, Reward: 3.9, Epsilon: 0.0689
05-11 15:47:56: Episode 5360, Reward: 4.7, Epsilon: 0.0685
05-11 15:47:59: Episode 5370, Reward: 3.9, Epsilon: 0.0682
05-11 15:48:01: Episode 5380, Reward: 4.8, Epsilon: 0.0678
05-11 15:48:03: Episode 5390, Reward: -6.9, Epsilon: 0.0675
05-11 15:48:05: Episode 5400, Reward: 3.9, Epsilon: 0.0672
05-11 15:48:06: Episode 5410, Reward: 3.9, Epsilon: 0.0668
05-11 15:48:09: Episode 5420, Reward: 3.9, Epsilon: 0.0665
05-11 15:48:11: Episode 5430, Reward: -4.5, Epsilon: 0.0662
05-11 15:48:14: Episode 5440, Reward: 3.9, Epsilon: 0.0658
05-11 15:48:16: Episode 5450, Reward: 3.9, Epsilon: 0.0655
05-11 15:48:18: Episode 5460, Reward: 4.6, Epsilon: 0.0652
05-11 15:48:21: Episode 5470, Reward: 4.2, Epsilon: 0.0648
05-11 15:48:23: Episode 5480, Reward: 3.9, Epsilon: 0.0645
05-11 15:48:25: Episode 5490, Reward: 4.7, Epsilon: 0.0642
05-11 15:48:28: Episode 5500, Reward: 3.9, Epsilon: 0.0639
05-11 15:48:30: Episode 5510, Reward: 3.3, Epsilon: 0.0636
05-11 15:48:33: Episode 5520, Reward: -3.3, Epsilon: 0.0632
05-11 15:48:35: Episode 5530, Reward: 3.9, Epsilon: 0.0629
05-11 15:48:37: Episode 5540, Reward: 3.9, Epsilon: 0.0626
05-11 15:48:39: Episode 5550, Reward: 3.9, Epsilon: 0.0623
05-11 15:48:40: Episode 5560, Reward: 4.9, Epsilon: 0.0620
05-11 15:48:42: Episode 5570, Reward: 4.5, Epsilon: 0.0617
05-11 15:48:44: Episode 5580, Reward: 3.9, Epsilon: 0.0614
05-11 15:48:46: Episode 5590, Reward: 3.9, Epsilon: 0.0611
05-11 15:48:47: Episode 5600, Reward: 3.9, Epsilon: 0.0608
05-11 15:48:49: Episode 5610, Reward: 3.9, Epsilon: 0.0605
05-11 15:48:51: Episode 5620, Reward: 4.7, Epsilon: 0.0602
05-11 15:48:53: Episode 5630, Reward: -2.1, Epsilon: 0.0599
05-11 15:48:55: Episode 5640, Reward: 4.6, Epsilon: 0.0596
05-11 15:48:57: Episode 5650, Reward: 3.9, Epsilon: 0.0593
05-11 15:48:59: Episode 5660, Reward: -0.9, Epsilon: 0.0590
05-11 15:49:00: Episode 5670, Reward: 4.4, Epsilon: 0.0587
05-11 15:49:02: Episode 5680, Reward: 3.9, Epsilon: 0.0584
05-11 15:49:05: Episode 5690, Reward: 3.9, Epsilon: 0.0581
05-11 15:49:06: Episode 5700, Reward: 1.5, Epsilon: 0.0578
05-11 15:49:08: Episode 5710, Reward: 4.1, Epsilon: 0.0575
05-11 15:49:10: Episode 5720, Reward: 3.9, Epsilon: 0.0572
05-11 15:49:12: Episode 5730, Reward: 3.9, Epsilon: 0.0569
05-11 15:49:14: Episode 5740, Reward: 3.9, Epsilon: 0.0567
05-11 15:49:15: Episode 5750, Reward: 4.3, Epsilon: 0.0564
05-11 15:49:17: Episode 5760, Reward: 3.9, Epsilon: 0.0561
05-11 15:49:19: Episode 5770, Reward: 3.9, Epsilon: 0.0558
05-11 15:49:20: Episode 5780, Reward: 3.9, Epsilon: 0.0555
05-11 15:49:22: Episode 5790, Reward: 4.3, Epsilon: 0.0553
05-11 15:49:24: Episode 5800, Reward: 4.6, Epsilon: 0.0550
05-11 15:49:25: Episode 5810, Reward: 3.9, Epsilon: 0.0547
05-11 15:49:27: Episode 5820, Reward: 2.1, Epsilon: 0.0544
05-11 15:49:29: Episode 5830, Reward: 3.9, Epsilon: 0.0542
05-11 15:49:30: Episode 5840, Reward: 3.9, Epsilon: 0.0539
05-11 15:49:31: Episode 5850, Reward: 3.9, Epsilon: 0.0536
05-11 15:49:33: Episode 5860, Reward: 3.9, Epsilon: 0.0534
05-11 15:49:35: Episode 5870, Reward: 3.9, Epsilon: 0.0531
05-11 15:49:37: Episode 5880, Reward: 1.5, Epsilon: 0.0528
05-11 15:49:40: Episode 5890, Reward: 3.9, Epsilon: 0.0526
05-11 15:49:42: Episode 5900, Reward: 3.9, Epsilon: 0.0523
05-11 15:49:44: Episode 5910, Reward: 3.9, Epsilon: 0.0520
05-11 15:49:46: Episode 5920, Reward: 1.5, Epsilon: 0.0518
05-11 15:49:47: Episode 5930, Reward: 3.9, Epsilon: 0.0515
05-11 15:49:50: Episode 5940, Reward: 3.9, Epsilon: 0.0513
05-11 15:49:51: Episode 5950, Reward: 3.9, Epsilon: 0.0510
05-11 15:49:53: Episode 5960, Reward: 3.9, Epsilon: 0.0508
05-11 15:49:55: Episode 5970, Reward: 3.9, Epsilon: 0.0505
05-11 15:49:56: Episode 5980, Reward: 3.3, Epsilon: 0.0502
05-11 15:49:57: Episode 5990, Reward: 3.9, Epsilon: 0.0500
05-11 15:50:00: Episode 6000, Reward: 4.9, Epsilon: 0.0500
05-11 15:50:01: Episode 6010, Reward: 4.1, Epsilon: 0.0500
05-11 15:50:02: Episode 6020, Reward: 3.9, Epsilon: 0.0500
05-11 15:50:04: Episode 6030, Reward: 3.9, Epsilon: 0.0500
05-11 15:50:06: Episode 6040, Reward: 3.9, Epsilon: 0.0500
05-11 15:50:07: Episode 6050, Reward: 3.9, Epsilon: 0.0500
05-11 15:50:09: Episode 6060, Reward: 3.9, Epsilon: 0.0500
05-11 15:50:11: Episode 6070, Reward: 3.9, Epsilon: 0.0500
05-11 15:50:12: Episode 6080, Reward: 4.5, Epsilon: 0.0500
05-11 15:50:14: Episode 6090, Reward: 4.8, Epsilon: 0.0500
05-11 15:50:16: Episode 6100, Reward: 4.0, Epsilon: 0.0500
05-11 15:50:17: Episode 6110, Reward: 3.9, Epsilon: 0.0500
05-11 15:50:18: Episode 6120, Reward: 3.9, Epsilon: 0.0500
05-11 15:50:20: Episode 6130, Reward: 4.5, Epsilon: 0.0500
05-11 15:50:22: Episode 6140, Reward: 3.9, Epsilon: 0.0500
05-11 15:50:23: Episode 6150, Reward: 3.9, Epsilon: 0.0500
05-11 15:50:25: Episode 6160, Reward: 3.9, Epsilon: 0.0500
05-11 15:50:27: Episode 6170, Reward: 3.9, Epsilon: 0.0500
05-11 15:50:28: Episode 6180, Reward: 3.9, Epsilon: 0.0500
05-11 15:50:30: Episode 6190, Reward: 4.9, Epsilon: 0.0500
05-11 15:50:31: Episode 6200, Reward: 4.7, Epsilon: 0.0500
05-11 15:50:33: Episode 6210, Reward: 4.0, Epsilon: 0.0500
05-11 15:50:35: Episode 6220, Reward: 3.9, Epsilon: 0.0500
05-11 15:50:36: Episode 6230, Reward: 3.9, Epsilon: 0.0500
05-11 15:50:38: Episode 6240, Reward: 3.9, Epsilon: 0.0500
05-11 15:50:40: Episode 6250, Reward: 3.9, Epsilon: 0.0500
05-11 15:50:41: Episode 6260, Reward: 5.0, Epsilon: 0.0500
05-11 15:50:42: Episode 6270, Reward: 3.9, Epsilon: 0.0500
05-11 15:50:44: Episode 6280, Reward: 3.9, Epsilon: 0.0500
05-11 15:50:46: Episode 6290, Reward: 4.4, Epsilon: 0.0500
05-11 15:50:47: Episode 6300, Reward: 3.9, Epsilon: 0.0500
05-11 15:50:49: Episode 6310, Reward: 4.3, Epsilon: 0.0500
05-11 15:50:51: Episode 6320, Reward: 3.9, Epsilon: 0.0500
05-11 15:50:52: Episode 6330, Reward: 3.9, Epsilon: 0.0500
05-11 15:50:53: Episode 6340, Reward: 3.9, Epsilon: 0.0500
05-11 15:50:55: Episode 6350, Reward: 3.9, Epsilon: 0.0500
05-11 15:50:57: Episode 6360, Reward: 4.2, Epsilon: 0.0500
05-11 15:50:58: Episode 6370, Reward: 3.9, Epsilon: 0.0500
05-11 15:51:00: Episode 6380, Reward: 3.9, Epsilon: 0.0500
05-11 15:51:02: Episode 6390, Reward: 3.9, Epsilon: 0.0500
05-11 15:51:03: Episode 6400, Reward: 3.9, Epsilon: 0.0500
05-11 15:51:06: Episode 6410, Reward: 3.9, Epsilon: 0.0500
05-11 15:51:07: Episode 6420, Reward: 3.3, Epsilon: 0.0500
05-11 15:51:08: Episode 6430, Reward: 3.9, Epsilon: 0.0500
05-11 15:51:10: Episode 6440, Reward: 3.9, Epsilon: 0.0500
05-11 15:51:12: Episode 6450, Reward: 4.5, Epsilon: 0.0500
05-11 15:51:13: Episode 6460, Reward: 3.9, Epsilon: 0.0500
05-11 15:51:16: Episode 6470, Reward: 3.9, Epsilon: 0.0500
05-11 15:51:17: Episode 6480, Reward: 3.9, Epsilon: 0.0500
05-11 15:51:19: Episode 6490, Reward: 3.9, Epsilon: 0.0500
05-11 15:51:21: Episode 6500, Reward: 4.1, Epsilon: 0.0500
05-11 15:51:22: Episode 6510, Reward: 3.9, Epsilon: 0.0500
05-11 15:51:24: Episode 6520, Reward: 3.9, Epsilon: 0.0500
05-11 15:51:26: Episode 6530, Reward: 3.9, Epsilon: 0.0500
05-11 15:51:27: Episode 6540, Reward: 3.9, Epsilon: 0.0500
05-11 15:51:28: Episode 6550, Reward: 4.0, Epsilon: 0.0500
05-11 15:51:30: Episode 6560, Reward: -1.5, Epsilon: 0.0500
05-11 15:51:32: Episode 6570, Reward: 3.9, Epsilon: 0.0500
05-11 15:51:33: Episode 6580, Reward: 3.9, Epsilon: 0.0500
05-11 15:51:35: Episode 6590, Reward: 3.9, Epsilon: 0.0500
05-11 15:51:37: Episode 6600, Reward: 3.9, Epsilon: 0.0500
05-11 15:51:38: Episode 6610, Reward: 4.2, Epsilon: 0.0500
05-11 15:51:40: Episode 6620, Reward: 3.9, Epsilon: 0.0500
05-11 15:51:42: Episode 6630, Reward: 4.1, Epsilon: 0.0500
05-11 15:51:43: Episode 6640, Reward: 3.9, Epsilon: 0.0500
05-11 15:51:44: Episode 6650, Reward: -0.9, Epsilon: 0.0500
05-11 15:51:46: Episode 6660, Reward: 4.4, Epsilon: 0.0500
05-11 15:51:48: Episode 6670, Reward: 3.9, Epsilon: 0.0500
05-11 15:51:49: Episode 6680, Reward: 3.9, Epsilon: 0.0500
05-11 15:51:51: Episode 6690, Reward: 3.9, Epsilon: 0.0500
05-11 15:51:53: Episode 6700, Reward: 3.9, Epsilon: 0.0500
05-11 15:51:54: Episode 6710, Reward: 3.9, Epsilon: 0.0500
05-11 15:51:56: Episode 6720, Reward: 3.9, Epsilon: 0.0500
05-11 15:51:57: Episode 6730, Reward: 3.9, Epsilon: 0.0500
05-11 15:51:59: Episode 6740, Reward: 3.9, Epsilon: 0.0500
05-11 15:52:01: Episode 6750, Reward: 3.9, Epsilon: 0.0500
05-11 15:52:02: Episode 6760, Reward: 3.9, Epsilon: 0.0500
05-11 15:52:04: Episode 6770, Reward: 3.9, Epsilon: 0.0500
05-11 15:52:06: Episode 6780, Reward: 2.7, Epsilon: 0.0500
05-11 15:52:08: Episode 6790, Reward: 4.9, Epsilon: 0.0500
05-11 15:52:09: Episode 6800, Reward: 3.9, Epsilon: 0.0500
05-11 15:52:11: Episode 6810, Reward: 3.9, Epsilon: 0.0500
05-11 15:52:12: Episode 6820, Reward: 3.9, Epsilon: 0.0500
05-11 15:52:14: Episode 6830, Reward: 3.9, Epsilon: 0.0500
05-11 15:52:16: Episode 6840, Reward: 3.9, Epsilon: 0.0500
05-11 15:52:17: Episode 6850, Reward: 3.9, Epsilon: 0.0500
05-11 15:52:19: Episode 6860, Reward: 4.7, Epsilon: 0.0500
05-11 15:52:20: Episode 6870, Reward: 3.9, Epsilon: 0.0500
05-11 15:52:22: Episode 6880, Reward: 3.9, Epsilon: 0.0500
05-11 15:52:23: Episode 6890, Reward: 3.9, Epsilon: 0.0500
05-11 15:52:25: Episode 6900, Reward: 4.0, Epsilon: 0.0500
05-11 15:52:27: Episode 6910, Reward: 3.9, Epsilon: 0.0500
05-11 15:52:28: Episode 6920, Reward: 3.9, Epsilon: 0.0500
05-11 15:52:29: Episode 6930, Reward: 3.9, Epsilon: 0.0500
05-11 15:52:31: Episode 6940, Reward: 3.9, Epsilon: 0.0500
05-11 15:52:33: Episode 6950, Reward: 3.9, Epsilon: 0.0500
05-11 15:52:34: Episode 6960, Reward: 3.9, Epsilon: 0.0500
05-11 15:52:36: Episode 6970, Reward: 3.9, Epsilon: 0.0500
05-11 15:52:38: Episode 6980, Reward: 3.9, Epsilon: 0.0500
05-11 15:52:39: Episode 6990, Reward: 3.9, Epsilon: 0.0500
05-11 15:52:41: Episode 7000, Reward: 3.9, Epsilon: 0.0500
05-11 15:52:43: Episode 7010, Reward: 3.9, Epsilon: 0.0500
05-11 15:52:44: Episode 7020, Reward: 4.8, Epsilon: 0.0500
05-11 15:52:45: Episode 7030, Reward: 3.9, Epsilon: 0.0500
05-11 15:52:47: Episode 7040, Reward: 4.7, Epsilon: 0.0500
05-11 15:52:49: Episode 7050, Reward: 3.9, Epsilon: 0.0500
05-11 15:52:50: Episode 7060, Reward: 3.9, Epsilon: 0.0500
05-11 15:52:53: Episode 7070, Reward: 3.9, Epsilon: 0.0500
05-11 15:52:54: Episode 7080, Reward: 3.9, Epsilon: 0.0500
05-11 15:52:56: Episode 7090, Reward: 4.0, Epsilon: 0.0500
05-11 15:52:58: Episode 7100, Reward: 3.9, Epsilon: 0.0500
05-11 15:52:59: Episode 7110, Reward: 3.9, Epsilon: 0.0500
05-11 15:53:00: Episode 7120, Reward: 3.9, Epsilon: 0.0500
05-11 15:53:02: Episode 7130, Reward: 3.9, Epsilon: 0.0500
05-11 15:53:04: Episode 7140, Reward: 3.9, Epsilon: 0.0500
05-11 15:53:05: Episode 7150, Reward: 3.9, Epsilon: 0.0500
05-11 15:53:07: Episode 7160, Reward: 3.9, Epsilon: 0.0500
05-11 15:53:09: Episode 7170, Reward: 3.9, Epsilon: 0.0500
05-11 15:53:10: Episode 7180, Reward: 4.8, Epsilon: 0.0500
05-11 15:53:12: Episode 7190, Reward: 4.0, Epsilon: 0.0500
05-11 15:53:13: Episode 7200, Reward: 4.4, Epsilon: 0.0500
05-11 15:53:15: Episode 7210, Reward: 4.9, Epsilon: 0.0500
05-11 15:53:17: Episode 7220, Reward: 3.9, Epsilon: 0.0500
05-11 15:53:18: Episode 7230, Reward: 3.9, Epsilon: 0.0500
05-11 15:53:20: Episode 7240, Reward: 3.9, Epsilon: 0.0500
05-11 15:53:22: Episode 7250, Reward: 3.9, Epsilon: 0.0500
05-11 15:53:23: Episode 7260, Reward: -6.9, Epsilon: 0.0500
05-11 15:53:24: Episode 7270, Reward: 2.1, Epsilon: 0.0500
05-11 15:53:26: Episode 7280, Reward: 3.9, Epsilon: 0.0500
05-11 15:53:28: Episode 7290, Reward: 3.9, Epsilon: 0.0500
05-11 15:53:29: Episode 7300, Reward: 3.9, Epsilon: 0.0500
05-11 15:53:30: Episode 7310, Reward: 3.9, Epsilon: 0.0500
05-11 15:53:32: Episode 7320, Reward: 3.9, Epsilon: 0.0500
05-11 15:53:34: Episode 7330, Reward: 3.9, Epsilon: 0.0500
05-11 15:53:35: Episode 7340, Reward: 2.7, Epsilon: 0.0500
05-11 15:53:37: Episode 7350, Reward: 3.9, Epsilon: 0.0500
05-11 15:53:39: Episode 7360, Reward: 4.1, Epsilon: 0.0500
05-11 15:53:40: Episode 7370, Reward: 3.9, Epsilon: 0.0500
05-11 15:53:42: Episode 7380, Reward: 3.9, Epsilon: 0.0500
05-11 15:53:43: Episode 7390, Reward: 3.9, Epsilon: 0.0500
05-11 15:53:45: Episode 7400, Reward: -0.3, Epsilon: 0.0500
05-11 15:53:47: Episode 7410, Reward: 3.9, Epsilon: 0.0500
05-11 15:53:48: Episode 7420, Reward: 3.9, Epsilon: 0.0500
05-11 15:53:50: Episode 7430, Reward: 3.9, Epsilon: 0.0500
05-11 15:53:51: Episode 7440, Reward: 3.9, Epsilon: 0.0500
05-11 15:53:53: Episode 7450, Reward: 3.9, Epsilon: 0.0500
05-11 15:53:54: Episode 7460, Reward: 3.9, Epsilon: 0.0500
05-11 15:53:56: Episode 7470, Reward: 3.9, Epsilon: 0.0500
05-11 15:53:58: Episode 7480, Reward: 3.3, Epsilon: 0.0500
05-11 15:53:59: Episode 7490, Reward: 3.9, Epsilon: 0.0500
05-11 15:54:01: Episode 7500, Reward: -3.9, Epsilon: 0.0500
05-11 15:54:03: Episode 7510, Reward: 0.3, Epsilon: 0.0500
05-11 15:54:04: Episode 7520, Reward: 3.9, Epsilon: 0.0500
05-11 15:54:06: Episode 7530, Reward: 3.9, Epsilon: 0.0500
05-11 15:54:08: Episode 7540, Reward: 3.9, Epsilon: 0.0500
05-11 15:54:09: Episode 7550, Reward: 3.9, Epsilon: 0.0500
05-11 15:54:11: Episode 7560, Reward: 3.9, Epsilon: 0.0500
05-11 15:54:13: Episode 7570, Reward: 3.9, Epsilon: 0.0500
05-11 15:54:14: Episode 7580, Reward: 4.9, Epsilon: 0.0500
05-11 15:54:15: Episode 7590, Reward: 3.9, Epsilon: 0.0500
05-11 15:54:18: Episode 7600, Reward: 3.9, Epsilon: 0.0500
05-11 15:54:19: Episode 7610, Reward: 3.9, Epsilon: 0.0500
05-11 15:54:20: Episode 7620, Reward: 3.9, Epsilon: 0.0500
05-11 15:54:23: Episode 7630, Reward: 3.9, Epsilon: 0.0500
05-11 15:54:24: Episode 7640, Reward: 3.9, Epsilon: 0.0500
05-11 15:54:26: Episode 7650, Reward: -2.1, Epsilon: 0.0500
05-11 15:54:28: Episode 7660, Reward: 3.9, Epsilon: 0.0500
05-11 15:54:29: Episode 7670, Reward: 3.9, Epsilon: 0.0500
05-11 15:54:31: Episode 7680, Reward: 3.9, Epsilon: 0.0500
05-11 15:54:33: Episode 7690, Reward: 3.9, Epsilon: 0.0500
05-11 15:54:34: Episode 7700, Reward: 3.9, Epsilon: 0.0500
05-11 15:54:36: Episode 7710, Reward: 6.1, Epsilon: 0.0500
05-11 15:54:38: Episode 7720, Reward: 3.9, Epsilon: 0.0500
05-11 15:54:39: Episode 7730, Reward: 3.9, Epsilon: 0.0500
05-11 15:54:41: Episode 7740, Reward: 3.9, Epsilon: 0.0500
05-11 15:54:42: Episode 7750, Reward: 3.9, Epsilon: 0.0500
05-11 15:54:44: Episode 7760, Reward: 3.9, Epsilon: 0.0500
05-11 15:54:45: Episode 7770, Reward: 3.9, Epsilon: 0.0500
05-11 15:54:47: Episode 7780, Reward: 5.0, Epsilon: 0.0500
05-11 15:54:49: Episode 7790, Reward: 3.9, Epsilon: 0.0500
05-11 15:54:50: Episode 7800, Reward: 2.0, Epsilon: 0.0500
05-11 15:54:52: Episode 7810, Reward: 3.9, Epsilon: 0.0500
05-11 15:54:54: Episode 7820, Reward: -4.5, Epsilon: 0.0500
05-11 15:54:55: Episode 7830, Reward: 3.9, Epsilon: 0.0500
05-11 15:54:56: Episode 7840, Reward: 3.9, Epsilon: 0.0500
05-11 15:54:58: Episode 7850, Reward: 4.3, Epsilon: 0.0500
05-11 15:55:00: Episode 7860, Reward: 3.9, Epsilon: 0.0500
05-11 15:55:01: Episode 7870, Reward: 3.9, Epsilon: 0.0500
05-11 15:55:03: Episode 7880, Reward: 3.9, Epsilon: 0.0500
05-11 15:55:05: Episode 7890, Reward: 4.0, Epsilon: 0.0500
05-11 15:55:06: Episode 7900, Reward: 3.9, Epsilon: 0.0500
05-11 15:55:08: Episode 7910, Reward: -1.5, Epsilon: 0.0500
05-11 15:55:10: Episode 7920, Reward: 1.5, Epsilon: 0.0500
05-11 15:55:11: Episode 7930, Reward: 3.9, Epsilon: 0.0500
05-11 15:55:12: Episode 7940, Reward: 4.2, Epsilon: 0.0500
05-11 15:55:14: Episode 7950, Reward: 3.9, Epsilon: 0.0500
05-11 15:55:16: Episode 7960, Reward: 3.9, Epsilon: 0.0500
05-11 15:55:17: Episode 7970, Reward: 6.2, Epsilon: 0.0500
05-11 15:55:19: Episode 7980, Reward: 0.3, Epsilon: 0.0500
05-11 15:55:21: Episode 7990, Reward: 4.3, Epsilon: 0.0500
05-11 15:55:22: Episode 8000, Reward: 3.9, Epsilon: 0.0500
05-11 15:55:24: Episode 8010, Reward: 3.9, Epsilon: 0.0500
05-11 15:55:26: Episode 8020, Reward: 4.8, Epsilon: 0.0500
05-11 15:55:27: Episode 8030, Reward: 6.2, Epsilon: 0.0500
05-11 15:55:29: Episode 8040, Reward: 3.9, Epsilon: 0.0500
05-11 15:55:30: Episode 8050, Reward: 3.9, Epsilon: 0.0500
05-11 15:55:32: Episode 8060, Reward: 3.9, Epsilon: 0.0500
05-11 15:55:34: Episode 8070, Reward: 3.9, Epsilon: 0.0500
05-11 15:55:36: Episode 8080, Reward: 3.9, Epsilon: 0.0500
05-11 15:55:37: Episode 8090, Reward: 3.9, Epsilon: 0.0500
05-11 15:55:39: Episode 8100, Reward: 4.2, Epsilon: 0.0500
05-11 15:55:41: Episode 8110, Reward: 3.9, Epsilon: 0.0500
05-11 15:55:42: Episode 8120, Reward: 4.3, Epsilon: 0.0500
05-11 15:55:44: Episode 8130, Reward: 3.9, Epsilon: 0.0500
05-11 15:55:45: Episode 8140, Reward: 3.9, Epsilon: 0.0500
05-11 15:55:47: Episode 8150, Reward: 3.9, Epsilon: 0.0500
05-11 15:55:49: Episode 8160, Reward: 3.9, Epsilon: 0.0500
05-11 15:55:50: Episode 8170, Reward: 4.2, Epsilon: 0.0500
05-11 15:55:51: Episode 8177, Reward: 8.4, Epsilon: 0.0500 (New best! +1.7)
05-11 15:55:52: Episode 8180, Reward: 4.6, Epsilon: 0.0500
05-11 15:55:54: Episode 8190, Reward: 3.9, Epsilon: 0.0500
05-11 15:55:56: Episode 8200, Reward: 3.9, Epsilon: 0.0500
05-11 15:55:57: Episode 8210, Reward: 4.2, Epsilon: 0.0500
05-11 15:55:59: Episode 8220, Reward: 3.9, Epsilon: 0.0500
05-11 15:56:01: Episode 8230, Reward: 3.9, Epsilon: 0.0500
05-11 15:56:02: Episode 8240, Reward: 4.5, Epsilon: 0.0500
05-11 15:56:04: Episode 8250, Reward: 3.9, Epsilon: 0.0500
05-11 15:56:06: Episode 8260, Reward: 6.1, Epsilon: 0.0500
05-11 15:56:07: Episode 8270, Reward: 3.9, Epsilon: 0.0500
05-11 15:56:09: Episode 8280, Reward: 3.9, Epsilon: 0.0500
05-11 15:56:10: Episode 8290, Reward: 4.0, Epsilon: 0.0500
05-11 15:56:12: Episode 8300, Reward: 4.6, Epsilon: 0.0500
05-11 15:56:13: Episode 8310, Reward: 3.9, Epsilon: 0.0500
05-11 15:56:15: Episode 8320, Reward: -2.1, Epsilon: 0.0500
05-11 15:56:16: Episode 8330, Reward: 3.9, Epsilon: 0.0500
05-11 15:56:18: Episode 8340, Reward: 3.9, Epsilon: 0.0500
05-11 15:56:20: Episode 8350, Reward: 3.9, Epsilon: 0.0500
05-11 15:56:21: Episode 8360, Reward: 2.0, Epsilon: 0.0500
05-11 15:56:23: Episode 8370, Reward: 4.7, Epsilon: 0.0500
05-11 15:56:25: Episode 8380, Reward: 5.0, Epsilon: 0.0500
05-11 15:56:26: Episode 8390, Reward: 3.9, Epsilon: 0.0500
05-11 15:56:27: Episode 8400, Reward: 3.9, Epsilon: 0.0500
05-11 15:56:29: Episode 8410, Reward: 3.9, Epsilon: 0.0500
05-11 15:56:31: Episode 8420, Reward: 3.9, Epsilon: 0.0500
05-11 15:56:32: Episode 8430, Reward: 3.9, Epsilon: 0.0500
05-11 15:56:33: Episode 8440, Reward: 3.9, Epsilon: 0.0500
05-11 15:56:36: Episode 8450, Reward: 3.9, Epsilon: 0.0500
05-11 15:56:37: Episode 8460, Reward: 3.9, Epsilon: 0.0500
05-11 15:56:39: Episode 8470, Reward: -2.1, Epsilon: 0.0500
05-11 15:56:41: Episode 8480, Reward: -0.9, Epsilon: 0.0500
05-11 15:56:42: Episode 8490, Reward: 3.9, Epsilon: 0.0500
05-11 15:56:43: Episode 8500, Reward: 3.9, Epsilon: 0.0500
05-11 15:56:45: Episode 8510, Reward: 4.0, Epsilon: 0.0500
05-11 15:56:47: Episode 8520, Reward: 3.9, Epsilon: 0.0500
05-11 15:56:48: Episode 8530, Reward: 3.9, Epsilon: 0.0500
05-11 15:56:50: Episode 8540, Reward: 3.9, Epsilon: 0.0500
05-11 15:56:52: Episode 8550, Reward: 3.9, Epsilon: 0.0500
05-11 15:56:53: Episode 8560, Reward: 3.9, Epsilon: 0.0500
05-11 15:56:55: Episode 8570, Reward: 3.9, Epsilon: 0.0500
05-11 15:56:56: Episode 8580, Reward: 4.9, Epsilon: 0.0500
05-11 15:56:58: Episode 8590, Reward: 4.1, Epsilon: 0.0500
05-11 15:57:00: Episode 8600, Reward: 3.9, Epsilon: 0.0500
05-11 15:57:01: Episode 8610, Reward: 0.3, Epsilon: 0.0500
05-11 15:57:02: Episode 8620, Reward: 3.9, Epsilon: 0.0500
05-11 15:57:04: Episode 8630, Reward: 4.2, Epsilon: 0.0500
05-11 15:57:06: Episode 8640, Reward: 4.0, Epsilon: 0.0500
05-11 15:57:08: Episode 8650, Reward: 5.0, Epsilon: 0.0500
05-11 15:57:09: Episode 8660, Reward: 3.9, Epsilon: 0.0500
05-11 15:57:11: Episode 8670, Reward: 3.9, Epsilon: 0.0500
05-11 15:57:12: Episode 8680, Reward: 4.7, Epsilon: 0.0500
05-11 15:57:14: Episode 8690, Reward: 3.9, Epsilon: 0.0500
05-11 15:57:16: Episode 8700, Reward: 4.4, Epsilon: 0.0500
05-11 15:57:17: Episode 8710, Reward: 3.9, Epsilon: 0.0500
05-11 15:57:18: Episode 8720, Reward: 3.9, Epsilon: 0.0500
05-11 15:57:20: Episode 8730, Reward: 3.9, Epsilon: 0.0500
05-11 15:57:22: Episode 8740, Reward: 3.9, Epsilon: 0.0500
05-11 15:57:23: Episode 8750, Reward: 3.9, Epsilon: 0.0500
05-11 15:57:25: Episode 8760, Reward: 3.9, Epsilon: 0.0500
05-11 15:57:26: Episode 8770, Reward: 3.9, Epsilon: 0.0500
05-11 15:57:28: Episode 8780, Reward: 3.9, Epsilon: 0.0500
05-11 15:57:29: Episode 8790, Reward: 3.9, Epsilon: 0.0500
05-11 15:57:31: Episode 8800, Reward: 3.9, Epsilon: 0.0500
05-11 15:57:33: Episode 8810, Reward: 4.2, Epsilon: 0.0500
05-11 15:57:34: Episode 8820, Reward: 3.9, Epsilon: 0.0500
05-11 15:57:37: Episode 8830, Reward: 3.3, Epsilon: 0.0500
05-11 15:57:38: Episode 8840, Reward: 0.3, Epsilon: 0.0500
05-11 15:57:40: Episode 8850, Reward: 3.9, Epsilon: 0.0500
05-11 15:57:42: Episode 8860, Reward: 3.9, Epsilon: 0.0500
05-11 15:57:43: Episode 8870, Reward: 3.9, Epsilon: 0.0500
05-11 15:57:44: Episode 8880, Reward: 3.9, Epsilon: 0.0500
05-11 15:57:46: Episode 8890, Reward: 3.9, Epsilon: 0.0500
05-11 15:57:48: Episode 8900, Reward: 3.9, Epsilon: 0.0500
05-11 15:57:49: Episode 8910, Reward: 3.9, Epsilon: 0.0500
05-11 15:57:51: Episode 8920, Reward: 4.0, Epsilon: 0.0500
05-11 15:57:53: Episode 8930, Reward: 3.9, Epsilon: 0.0500
05-11 15:57:54: Episode 8940, Reward: 3.9, Epsilon: 0.0500
05-11 15:57:56: Episode 8950, Reward: 6.1, Epsilon: 0.0500
05-11 15:57:57: Episode 8960, Reward: 3.9, Epsilon: 0.0500
05-11 15:57:59: Episode 8970, Reward: 3.9, Epsilon: 0.0500
05-11 15:58:01: Episode 8980, Reward: -3.3, Epsilon: 0.0500
05-11 15:58:02: Episode 8990, Reward: 4.8, Epsilon: 0.0500
05-11 15:58:03: Episode 9000, Reward: 3.9, Epsilon: 0.0500
05-11 15:58:06: Episode 9010, Reward: 3.9, Epsilon: 0.0500
05-11 15:58:07: Episode 9020, Reward: 3.9, Epsilon: 0.0500
05-11 15:58:08: Episode 9030, Reward: 2.0, Epsilon: 0.0500
05-11 15:58:10: Episode 9040, Reward: 3.9, Epsilon: 0.0500
05-11 15:58:12: Episode 9050, Reward: 3.9, Epsilon: 0.0500
05-11 15:58:13: Episode 9060, Reward: 4.2, Epsilon: 0.0500
05-11 15:58:15: Episode 9070, Reward: 3.9, Epsilon: 0.0500
05-11 15:58:17: Episode 9080, Reward: 3.9, Epsilon: 0.0500
05-11 15:58:18: Episode 9090, Reward: 3.9, Epsilon: 0.0500
05-11 15:58:19: Episode 9100, Reward: 3.9, Epsilon: 0.0500
05-11 15:58:21: Episode 9110, Reward: 3.9, Epsilon: 0.0500
05-11 15:58:23: Episode 9120, Reward: 3.9, Epsilon: 0.0500
05-11 15:58:24: Episode 9130, Reward: 4.8, Epsilon: 0.0500
05-11 15:58:26: Episode 9140, Reward: 3.9, Epsilon: 0.0500
05-11 15:58:28: Episode 9150, Reward: 4.7, Epsilon: 0.0500
05-11 15:58:29: Episode 9160, Reward: 3.9, Epsilon: 0.0500
05-11 15:58:31: Episode 9170, Reward: 3.9, Epsilon: 0.0500
05-11 15:58:33: Episode 9180, Reward: 3.3, Epsilon: 0.0500
05-11 15:58:34: Episode 9190, Reward: 4.2, Epsilon: 0.0500
05-11 15:58:36: Episode 9200, Reward: 3.9, Epsilon: 0.0500
05-11 15:58:38: Episode 9210, Reward: 3.9, Epsilon: 0.0500
05-11 15:58:39: Episode 9220, Reward: -2.1, Epsilon: 0.0500
05-11 15:58:40: Episode 9230, Reward: 3.9, Epsilon: 0.0500
05-11 15:58:42: Episode 9240, Reward: 3.9, Epsilon: 0.0500
05-11 15:58:44: Episode 9250, Reward: 5.0, Epsilon: 0.0500
05-11 15:58:45: Episode 9260, Reward: 3.9, Epsilon: 0.0500
05-11 15:58:47: Episode 9270, Reward: 4.3, Epsilon: 0.0500
05-11 15:58:49: Episode 9280, Reward: 4.5, Epsilon: 0.0500
05-11 15:58:50: Episode 9290, Reward: 4.0, Epsilon: 0.0500
05-11 15:58:52: Episode 9300, Reward: 4.0, Epsilon: 0.0500
05-11 15:58:54: Episode 9310, Reward: 3.9, Epsilon: 0.0500
05-11 15:58:55: Episode 9320, Reward: 3.9, Epsilon: 0.0500
05-11 15:58:57: Episode 9330, Reward: 5.0, Epsilon: 0.0500
05-11 15:58:59: Episode 9340, Reward: 3.9, Epsilon: 0.0500
05-11 15:59:00: Episode 9350, Reward: -3.3, Epsilon: 0.0500
05-11 15:59:02: Episode 9360, Reward: 3.9, Epsilon: 0.0500
05-11 15:59:03: Episode 9370, Reward: 3.9, Epsilon: 0.0500
05-11 15:59:05: Episode 9380, Reward: 3.9, Epsilon: 0.0500
05-11 15:59:07: Episode 9390, Reward: 4.8, Epsilon: 0.0500
05-11 15:59:09: Episode 9400, Reward: 4.5, Epsilon: 0.0500
05-11 15:59:10: Episode 9410, Reward: 6.0, Epsilon: 0.0500
05-11 15:59:13: Episode 9420, Reward: 6.0, Epsilon: 0.0500
05-11 15:59:14: Episode 9430, Reward: 3.9, Epsilon: 0.0500
05-11 15:59:16: Episode 9440, Reward: -3.9, Epsilon: 0.0500
05-11 15:59:18: Episode 9450, Reward: 3.9, Epsilon: 0.0500
05-11 15:59:19: Episode 9460, Reward: 3.9, Epsilon: 0.0500
05-11 15:59:20: Episode 9470, Reward: 4.6, Epsilon: 0.0500
05-11 15:59:22: Episode 9480, Reward: 4.1, Epsilon: 0.0500
05-11 15:59:24: Episode 9490, Reward: 3.9, Epsilon: 0.0500
05-11 15:59:25: Episode 9500, Reward: 3.9, Epsilon: 0.0500
05-11 15:59:27: Episode 9510, Reward: 3.9, Epsilon: 0.0500
05-11 15:59:28: Episode 9520, Reward: 3.9, Epsilon: 0.0500
05-11 15:59:30: Episode 9530, Reward: 3.9, Epsilon: 0.0500
05-11 15:59:31: Episode 9540, Reward: 3.9, Epsilon: 0.0500
05-11 15:59:33: Episode 9550, Reward: 0.3, Epsilon: 0.0500
05-11 15:59:35: Episode 9560, Reward: -3.9, Epsilon: 0.0500
05-11 15:59:36: Episode 9570, Reward: 4.7, Epsilon: 0.0500
05-11 15:59:38: Episode 9580, Reward: 4.1, Epsilon: 0.0500
05-11 15:59:40: Episode 9590, Reward: 4.7, Epsilon: 0.0500
05-11 15:59:41: Episode 9600, Reward: 4.2, Epsilon: 0.0500
05-11 15:59:43: Episode 9610, Reward: 4.1, Epsilon: 0.0500
05-11 15:59:44: Episode 9620, Reward: 3.9, Epsilon: 0.0500
05-11 15:59:46: Episode 9630, Reward: 3.9, Epsilon: 0.0500
05-11 15:59:48: Episode 9640, Reward: 3.9, Epsilon: 0.0500
05-11 15:59:49: Episode 9650, Reward: 3.9, Epsilon: 0.0500
05-11 15:59:50: Episode 9660, Reward: 3.9, Epsilon: 0.0500
05-11 15:59:52: Episode 9670, Reward: 6.0, Epsilon: 0.0500
05-11 15:59:54: Episode 9680, Reward: 5.0, Epsilon: 0.0500
05-11 15:59:55: Episode 9690, Reward: 3.9, Epsilon: 0.0500
05-11 15:59:57: Episode 9700, Reward: 6.0, Epsilon: 0.0500
05-11 15:59:59: Episode 9710, Reward: 3.9, Epsilon: 0.0500
05-11 16:00:00: Episode 9720, Reward: 3.9, Epsilon: 0.0500
05-11 16:00:02: Episode 9730, Reward: 3.9, Epsilon: 0.0500
05-11 16:00:04: Episode 9740, Reward: 3.9, Epsilon: 0.0500
05-11 16:00:05: Episode 9750, Reward: 4.9, Epsilon: 0.0500
05-11 16:00:07: Episode 9760, Reward: 3.9, Epsilon: 0.0500
05-11 16:00:09: Episode 9770, Reward: 3.9, Epsilon: 0.0500
05-11 16:00:10: Episode 9780, Reward: 3.9, Epsilon: 0.0500
05-11 16:00:12: Episode 9790, Reward: -5.7, Epsilon: 0.0500
05-11 16:00:13: Episode 9800, Reward: 3.9, Epsilon: 0.0500
05-11 16:00:15: Episode 9810, Reward: 4.4, Epsilon: 0.0500
05-11 16:00:16: Episode 9820, Reward: 1.5, Epsilon: 0.0500
05-11 16:00:18: Episode 9830, Reward: 4.8, Epsilon: 0.0500
05-11 16:00:20: Episode 9840, Reward: 4.2, Epsilon: 0.0500
05-11 16:00:21: Episode 9850, Reward: 3.9, Epsilon: 0.0500
05-11 16:00:23: Episode 9860, Reward: 4.1, Epsilon: 0.0500
05-11 16:00:24: Episode 9870, Reward: 3.9, Epsilon: 0.0500
05-11 16:00:26: Episode 9880, Reward: 4.9, Epsilon: 0.0500
05-11 16:00:28: Episode 9890, Reward: 3.9, Epsilon: 0.0500
05-11 16:00:29: Episode 9900, Reward: -5.1, Epsilon: 0.0500
05-11 16:00:31: Episode 9910, Reward: 3.9, Epsilon: 0.0500
05-11 16:00:32: Episode 9920, Reward: 4.9, Epsilon: 0.0500
05-11 16:00:34: Episode 9930, Reward: 3.9, Epsilon: 0.0500
05-11 16:00:36: Episode 9940, Reward: 3.9, Epsilon: 0.0500
05-11 16:00:37: Episode 9950, Reward: 3.9, Epsilon: 0.0500
05-11 16:00:39: Episode 9960, Reward: 3.9, Epsilon: 0.0500
05-11 16:00:40: Episode 9970, Reward: 3.9, Epsilon: 0.0500
05-11 16:00:42: Episode 9980, Reward: 4.4, Epsilon: 0.0500
05-11 16:00:44: Episode 9990, Reward: -4.5, Epsilon: 0.0500
05-11 16:00:45: Episode 10000, Reward: 3.9, Epsilon: 0.0500
